{
  error: MongooseServerSelectionError: connect EHOSTUNREACH 46.202.167.64:27202
      at _handleConnectionErrors (D:\NEW CRM\crm\node_modules\mongoose\lib\connection.js:1165:11)
      at NativeConnection.openUri (D:\NEW CRM\crm\node_modules\mongoose\lib\connection.js:1096:11)
      at async connectToMongoDB (webpack-internal:///(rsc)/./lib/mongodb/connection.ts:21:20)
      at async MongoDBClient.ensureConnection (webpack-internal:///(rsc)/./lib/mongodb/client.ts:41:9) {
    errorLabelSet: Set(0) {},
    reason: TopologyDescription {
      type: 'Single',
      servers: Map(1) {
        '46.202.167.64:27202' => ServerDescription {
          address: '46.202.167.64:27202',
          type: 'Unknown',
          hosts: [],
          passives: [],
          arbiters: [],
          tags: {},
          minWireVersion: 0,
          maxWireVersion: 0,
          roundTripTime: -1,
          minRoundTripTime: 0,
          lastUpdateTime: 90172310,
          lastWriteDate: 0,
          error: MongoNetworkError: connect EHOSTUNREACH 46.202.167.64:27202
              at Socket.<anonymous> (D:\NEW CRM\crm\node_modules\mongoose\node_modules\mongodb\lib\cmap\connect.js:286:44)
              at Object.onceWrapper (node:events:622:26)
              at Socket.emit (node:events:507:28)
              at emitErrorNT (node:internal/streams/destroy:170:8)
              at emitErrorCloseNT (node:internal/streams/destroy:129:3)
              at process.processTicksAndRejections (node:internal/process/task_queues:90:21) {
            errorLabelSet: Set(1) { 'ResetPool' },
            beforeHandshake: false,
            [cause]: Error: connect EHOSTUNREACH 46.202.167.64:27202
                at TCPConnectWrap.afterConnect [as oncomplete] (node:net:1637:16) {
              errno: -4073,
              code: 'EHOSTUNREACH',
              syscall: 'connect',
              address: '46.202.167.64',
              port: 27202
            }
          },
          topologyVersion: null,
          setName: null,
          setVersion: null,
          electionId: null,
          logicalSessionTimeoutMinutes: null,
          maxMessageSizeBytes: null,
          maxWriteBatchSize: null,
          maxBsonObjectSize: null,
          primary: null,
          me: null,
          '$clusterTime': null,
          iscryptd: false
        }
      },
      stale: false,
      compatible: true,
      heartbeatFrequencyMS: 10000,
      localThresholdMS: 15,
      setName: null,
      maxElectionId: null,
      maxSetVersion: null,
      commonWireVersion: 0,
      logicalSessionTimeoutMinutes: null
    },
    code: undefined,
    cause: TopologyDescription {
      type: 'Single',
      servers: Map(1) {
        '46.202.167.64:27202' => ServerDescription {
          address: '46.202.167.64:27202',
          type: 'Unknown',
          hosts: [],
          passives: [],
          arbiters: [],
          tags: {},
          minWireVersion: 0,
          maxWireVersion: 0,
          roundTripTime: -1,
          minRoundTripTime: 0,
          lastUpdateTime: 90172310,
          lastWriteDate: 0,
          error: MongoNetworkError: connect EHOSTUNREACH 46.202.167.64:27202
              at Socket.<anonymous> (D:\NEW CRM\crm\node_modules\mongoose\node_modules\mongodb\lib\cmap\connect.js:286:44)
              at Object.onceWrapper (node:events:622:26)
              at Socket.emit (node:events:507:28)
              at emitErrorNT (node:internal/streams/destroy:170:8)
              at emitErrorCloseNT (node:internal/streams/destroy:129:3)
              at process.processTicksAndRejections (node:internal/process/task_queues:90:21) {
            errorLabelSet: Set(1) { 'ResetPool' },
            beforeHandshake: false,
            [cause]: Error: connect EHOSTUNREACH 46.202.167.64:27202
                at TCPConnectWrap.afterConnect [as oncomplete] (node:net:1637:16) {
              errno: -4073,
              code: 'EHOSTUNREACH',
              syscall: 'connect',
              address: '46.202.167.64',
              port: 27202
            }
          },
          topologyVersion: null,
          setName: null,
          setVersion: null,
          electionId: null,
          logicalSessionTimeoutMinutes: null,
          maxMessageSizeBytes: null,
          maxWriteBatchSize: null,
          maxBsonObjectSize: null,
          primary: null,
          me: null,
          '$clusterTime': null,
          iscryptd: false
        }
      },
      stale: false,
      compatible: true,
      heartbeatFrequencyMS: 10000,
      localThresholdMS: 15,
      setName: null,
      maxElectionId: null,
      maxSetVersion: null,
      commonWireVersion: 0,
      logicalSessionTimeoutMinutes: null
    }
  },
  level: 'error',
  message: 'unhandledRejection: connect EHOSTUNREACH 46.202.167.64:27202\n' +
    'MongooseServerSelectionError: connect EHOSTUNREACH 46.202.167.64:27202\n' +
    '    at _handleConnectionErrors (D:\\NEW CRM\\crm\\node_modules\\mongoose\\lib\\connection.js:1165:11)\n' +
    '    at NativeConnection.openUri (D:\\NEW CRM\\crm\\node_modules\\mongoose\\lib\\connection.js:1096:11)\n' +
    '    at async connectToMongoDB (webpack-internal:///(rsc)/./lib/mongodb/connection.ts:21:20)\n' +
    '    at async MongoDBClient.ensureConnection (webpack-internal:///(rsc)/./lib/mongodb/client.ts:41:9)',
  stack: 'MongooseServerSelectionError: connect EHOSTUNREACH 46.202.167.64:27202\n' +
    '    at _handleConnectionErrors (D:\\NEW CRM\\crm\\node_modules\\mongoose\\lib\\connection.js:1165:11)\n' +
    '    at NativeConnection.openUri (D:\\NEW CRM\\crm\\node_modules\\mongoose\\lib\\connection.js:1096:11)\n' +
    '    at async connectToMongoDB (webpack-internal:///(rsc)/./lib/mongodb/connection.ts:21:20)\n' +
    '    at async MongoDBClient.ensureConnection (webpack-internal:///(rsc)/./lib/mongodb/client.ts:41:9)',
  rejection: true,
  date: 'Wed Sep 10 2025 00:44:17 GMT+0530 (India Standard Time)',
  process: {
    pid: 12916,
    uid: null,
    gid: null,
    cwd: 'D:\\NEW CRM\\crm',
    execPath: 'C:\\Program Files\\nodejs\\node.exe',
    version: 'v24.5.0',
    argv: [
      'C:\\Program Files\\nodejs\\node.exe',
      'D:\\NEW CRM\\crm\\node_modules\\next\\dist\\server\\lib\\start-server.js'
    ],
    memoryUsage: {
      rss: 421072896,
      heapTotal: 345763840,
      heapUsed: 328013688,
      external: 472031168,
      arrayBuffers: 461451952
    }
  },
  os: { loadavg: [ 0, 0, 0 ], uptime: 90162.39 },
  trace: [
    {
      column: 11,
      file: 'D:\\NEW CRM\\crm\\node_modules\\mongoose\\lib\\connection.js',
      function: '_handleConnectionErrors',
      line: 1165,
      method: null,
      native: false
    },
    {
      column: 11,
      file: 'D:\\NEW CRM\\crm\\node_modules\\mongoose\\lib\\connection.js',
      function: 'NativeConnection.openUri',
      line: 1096,
      method: 'openUri',
      native: false
    },
    {
      column: 20,
      file: 'webpack-internal:///(rsc)/./lib/mongodb/connection.ts',
      function: 'async connectToMongoDB',
      line: 21,
      method: null,
      native: false
    },
    {
      column: 9,
      file: 'webpack-internal:///(rsc)/./lib/mongodb/client.ts',
      function: 'async MongoDBClient.ensureConnection',
      line: 41,
      method: 'ensureConnection',
      native: false
    }
  ],
  service: 'crm-api',
  environment: 'development',
  version: '0.1.0',
  timestamp: '2025-09-09T19:14:17.637Z'
}
