{
  service: 'crm-api',
  environment: 'development',
  version: '0.1.0',
  stringValue: '""',
  messageFormat: undefined,
  kind: 'ObjectId',
  value: '',
  path: '_id',
  reason: BSONError: input must be a 24 character hex string, 12 byte Uint8Array, or an integer
      at new ObjectId (D:\NEW CRM\crm\node_modules\bson\lib\bson.cjs:2538:23)
      at castObjectId (D:\NEW CRM\crm\node_modules\mongoose\lib\cast\objectid.js:25:12)
      at SchemaObjectId.cast (D:\NEW CRM\crm\node_modules\mongoose\lib\schema\objectId.js:249:12)
      at SchemaType.applySetters (D:\NEW CRM\crm\node_modules\mongoose\lib\schemaType.js:1258:12)
      at SchemaType.castForQuery (D:\NEW CRM\crm\node_modules\mongoose\lib\schemaType.js:1694:17)
      at D:\NEW CRM\crm\node_modules\mongoose\lib\schemaType.js:1649:18
      at Array.map (<anonymous>)
      at SchemaObjectId.handle$in (D:\NEW CRM\crm\node_modules\mongoose\lib\schemaType.js:1645:14)
      at SchemaType.castForQuery (D:\NEW CRM\crm\node_modules\mongoose\lib\schemaType.js:1690:20)
      at cast (D:\NEW CRM\crm\node_modules\mongoose\lib\cast.js:367:39)
      at Query.cast (D:\NEW CRM\crm\node_modules\mongoose\lib\query.js:5060:12)
      at Query._castConditions (D:\NEW CRM\crm\node_modules\mongoose\lib\query.js:2374:10)
      at model.Query._find (D:\NEW CRM\crm\node_modules\mongoose\lib\query.js:2401:8)
      at model.Query.exec (D:\NEW CRM\crm\node_modules\mongoose\lib\query.js:4627:80)
      at process.processTicksAndRejections (node:internal/process/task_queues:105:5)
      at async Promise.all (index 0)
      at async _populatePath (D:\NEW CRM\crm\node_modules\mongoose\lib\model.js:4569:5)
      at async Promise.all (index 2)
      at async model.populate (D:\NEW CRM\crm\node_modules\mongoose\lib\model.js:4435:5),
  valueType: 'string',
  level: 'error',
  message: 'Update lead error: Cast to ObjectId failed for value "" (type string) at path "_id" for model "User"',
  stack: 'CastError: Cast to ObjectId failed for value "" (type string) at path "_id" for model "User"\n' +
    '    at SchemaObjectId.cast (D:\\NEW CRM\\crm\\node_modules\\mongoose\\lib\\schema\\objectId.js:251:11)\n' +
    '    at SchemaType.applySetters (D:\\NEW CRM\\crm\\node_modules\\mongoose\\lib\\schemaType.js:1258:12)\n' +
    '    at SchemaType.castForQuery (D:\\NEW CRM\\crm\\node_modules\\mongoose\\lib\\schemaType.js:1694:17)\n' +
    '    at D:\\NEW CRM\\crm\\node_modules\\mongoose\\lib\\schemaType.js:1649:18\n' +
    '    at Array.map (<anonymous>)\n' +
    '    at SchemaObjectId.handle$in (D:\\NEW CRM\\crm\\node_modules\\mongoose\\lib\\schemaType.js:1645:14)\n' +
    '    at SchemaType.castForQuery (D:\\NEW CRM\\crm\\node_modules\\mongoose\\lib\\schemaType.js:1690:20)\n' +
    '    at cast (D:\\NEW CRM\\crm\\node_modules\\mongoose\\lib\\cast.js:367:39)\n' +
    '    at Query.cast (D:\\NEW CRM\\crm\\node_modules\\mongoose\\lib\\query.js:5060:12)\n' +
    '    at Query._castConditions (D:\\NEW CRM\\crm\\node_modules\\mongoose\\lib\\query.js:2374:10)\n' +
    '    at model.Query._find (D:\\NEW CRM\\crm\\node_modules\\mongoose\\lib\\query.js:2401:8)\n' +
    '    at model.Query.exec (D:\\NEW CRM\\crm\\node_modules\\mongoose\\lib\\query.js:4627:80)\n' +
    '    at process.processTicksAndRejections (node:internal/process/task_queues:105:5)\n' +
    '    at async Promise.all (index 0)\n' +
    '    at async _populatePath (D:\\NEW CRM\\crm\\node_modules\\mongoose\\lib\\model.js:4569:5)\n' +
    '    at async Promise.all (index 2)\n' +
    '    at async model.populate (D:\\NEW CRM\\crm\\node_modules\\mongoose\\lib\\model.js:4435:5)',
  timestamp: '2025-09-08T10:46:48.144Z'
}
{
  service: 'crm-api',
  environment: 'development',
  version: '0.1.0',
  stringValue: '""',
  messageFormat: undefined,
  kind: 'ObjectId',
  value: '',
  path: '_id',
  reason: BSONError: input must be a 24 character hex string, 12 byte Uint8Array, or an integer
      at new ObjectId (D:\NEW CRM\crm\node_modules\bson\lib\bson.cjs:2538:23)
      at castObjectId (D:\NEW CRM\crm\node_modules\mongoose\lib\cast\objectid.js:25:12)
      at SchemaObjectId.cast (D:\NEW CRM\crm\node_modules\mongoose\lib\schema\objectId.js:249:12)
      at SchemaType.applySetters (D:\NEW CRM\crm\node_modules\mongoose\lib\schemaType.js:1258:12)
      at SchemaType.castForQuery (D:\NEW CRM\crm\node_modules\mongoose\lib\schemaType.js:1694:17)
      at D:\NEW CRM\crm\node_modules\mongoose\lib\schemaType.js:1649:18
      at Array.map (<anonymous>)
      at SchemaObjectId.handle$in (D:\NEW CRM\crm\node_modules\mongoose\lib\schemaType.js:1645:14)
      at SchemaType.castForQuery (D:\NEW CRM\crm\node_modules\mongoose\lib\schemaType.js:1690:20)
      at cast (D:\NEW CRM\crm\node_modules\mongoose\lib\cast.js:367:39)
      at Query.cast (D:\NEW CRM\crm\node_modules\mongoose\lib\query.js:5060:12)
      at Query._castConditions (D:\NEW CRM\crm\node_modules\mongoose\lib\query.js:2374:10)
      at model.Query._find (D:\NEW CRM\crm\node_modules\mongoose\lib\query.js:2401:8)
      at model.Query.exec (D:\NEW CRM\crm\node_modules\mongoose\lib\query.js:4627:80)
      at process.processTicksAndRejections (node:internal/process/task_queues:105:5)
      at async Promise.all (index 0)
      at async _populatePath (D:\NEW CRM\crm\node_modules\mongoose\lib\model.js:4569:5)
      at async Promise.all (index 2)
      at async model.populate (D:\NEW CRM\crm\node_modules\mongoose\lib\model.js:4435:5)
      at async model.Query.exec (D:\NEW CRM\crm\node_modules\mongoose\lib\query.js:4627:63)
      at async Promise.all (index 0)
      at async GET.logBody (webpack-internal:///(rsc)/./app/api/leads/route.ts:132:32)
      at async eval (webpack-internal:///(rsc)/./lib/logging/middleware.ts:69:24)
      at async D:\NEW CRM\crm\node_modules\next\dist\compiled\next-server\app-route.runtime.dev.js:1:66877,
  valueType: 'string',
  level: 'error',
  message: 'Get leads error: Cast to ObjectId failed for value "" (type string) at path "_id" for model "User"',
  stack: 'CastError: Cast to ObjectId failed for value "" (type string) at path "_id" for model "User"\n' +
    '    at SchemaObjectId.cast (D:\\NEW CRM\\crm\\node_modules\\mongoose\\lib\\schema\\objectId.js:251:11)\n' +
    '    at SchemaType.applySetters (D:\\NEW CRM\\crm\\node_modules\\mongoose\\lib\\schemaType.js:1258:12)\n' +
    '    at SchemaType.castForQuery (D:\\NEW CRM\\crm\\node_modules\\mongoose\\lib\\schemaType.js:1694:17)\n' +
    '    at D:\\NEW CRM\\crm\\node_modules\\mongoose\\lib\\schemaType.js:1649:18\n' +
    '    at Array.map (<anonymous>)\n' +
    '    at SchemaObjectId.handle$in (D:\\NEW CRM\\crm\\node_modules\\mongoose\\lib\\schemaType.js:1645:14)\n' +
    '    at SchemaType.castForQuery (D:\\NEW CRM\\crm\\node_modules\\mongoose\\lib\\schemaType.js:1690:20)\n' +
    '    at cast (D:\\NEW CRM\\crm\\node_modules\\mongoose\\lib\\cast.js:367:39)\n' +
    '    at Query.cast (D:\\NEW CRM\\crm\\node_modules\\mongoose\\lib\\query.js:5060:12)\n' +
    '    at Query._castConditions (D:\\NEW CRM\\crm\\node_modules\\mongoose\\lib\\query.js:2374:10)\n' +
    '    at model.Query._find (D:\\NEW CRM\\crm\\node_modules\\mongoose\\lib\\query.js:2401:8)\n' +
    '    at model.Query.exec (D:\\NEW CRM\\crm\\node_modules\\mongoose\\lib\\query.js:4627:80)\n' +
    '    at process.processTicksAndRejections (node:internal/process/task_queues:105:5)\n' +
    '    at async Promise.all (index 0)\n' +
    '    at async _populatePath (D:\\NEW CRM\\crm\\node_modules\\mongoose\\lib\\model.js:4569:5)\n' +
    '    at async Promise.all (index 2)\n' +
    '    at async model.populate (D:\\NEW CRM\\crm\\node_modules\\mongoose\\lib\\model.js:4435:5)\n' +
    '    at async model.Query.exec (D:\\NEW CRM\\crm\\node_modules\\mongoose\\lib\\query.js:4627:63)\n' +
    '    at async Promise.all (index 0)\n' +
    '    at async GET.logBody (webpack-internal:///(rsc)/./app/api/leads/route.ts:132:32)\n' +
    '    at async eval (webpack-internal:///(rsc)/./lib/logging/middleware.ts:69:24)\n' +
    '    at async D:\\NEW CRM\\crm\\node_modules\\next\\dist\\compiled\\next-server\\app-route.runtime.dev.js:1:66877',
  timestamp: '2025-09-08T10:46:48.544Z'
}
{
  service: 'crm-api',
  environment: 'development',
  version: '0.1.0',
  stringValue: '""',
  messageFormat: undefined,
  kind: 'ObjectId',
  value: '',
  path: '_id',
  reason: BSONError: input must be a 24 character hex string, 12 byte Uint8Array, or an integer
      at new ObjectId (D:\NEW CRM\crm\node_modules\bson\lib\bson.cjs:2538:23)
      at castObjectId (D:\NEW CRM\crm\node_modules\mongoose\lib\cast\objectid.js:25:12)
      at SchemaObjectId.cast (D:\NEW CRM\crm\node_modules\mongoose\lib\schema\objectId.js:249:12)
      at SchemaType.applySetters (D:\NEW CRM\crm\node_modules\mongoose\lib\schemaType.js:1258:12)
      at SchemaType.castForQuery (D:\NEW CRM\crm\node_modules\mongoose\lib\schemaType.js:1694:17)
      at D:\NEW CRM\crm\node_modules\mongoose\lib\schemaType.js:1649:18
      at Array.map (<anonymous>)
      at SchemaObjectId.handle$in (D:\NEW CRM\crm\node_modules\mongoose\lib\schemaType.js:1645:14)
      at SchemaType.castForQuery (D:\NEW CRM\crm\node_modules\mongoose\lib\schemaType.js:1690:20)
      at cast (D:\NEW CRM\crm\node_modules\mongoose\lib\cast.js:367:39)
      at Query.cast (D:\NEW CRM\crm\node_modules\mongoose\lib\query.js:5060:12)
      at Query._castConditions (D:\NEW CRM\crm\node_modules\mongoose\lib\query.js:2374:10)
      at model.Query._find (D:\NEW CRM\crm\node_modules\mongoose\lib\query.js:2401:8)
      at model.Query.exec (D:\NEW CRM\crm\node_modules\mongoose\lib\query.js:4627:80)
      at process.processTicksAndRejections (node:internal/process/task_queues:105:5)
      at async Promise.all (index 0)
      at async _populatePath (D:\NEW CRM\crm\node_modules\mongoose\lib\model.js:4569:5)
      at async Promise.all (index 2)
      at async model.populate (D:\NEW CRM\crm\node_modules\mongoose\lib\model.js:4435:5)
      at async model.Query.exec (D:\NEW CRM\crm\node_modules\mongoose\lib\query.js:4627:63)
      at async Promise.all (index 0)
      at async GET.logBody (webpack-internal:///(rsc)/./app/api/leads/route.ts:132:32)
      at async eval (webpack-internal:///(rsc)/./lib/logging/middleware.ts:69:24)
      at async D:\NEW CRM\crm\node_modules\next\dist\compiled\next-server\app-route.runtime.dev.js:1:66877,
  valueType: 'string',
  level: 'error',
  message: 'Get leads error: Cast to ObjectId failed for value "" (type string) at path "_id" for model "User"',
  stack: 'CastError: Cast to ObjectId failed for value "" (type string) at path "_id" for model "User"\n' +
    '    at SchemaObjectId.cast (D:\\NEW CRM\\crm\\node_modules\\mongoose\\lib\\schema\\objectId.js:251:11)\n' +
    '    at SchemaType.applySetters (D:\\NEW CRM\\crm\\node_modules\\mongoose\\lib\\schemaType.js:1258:12)\n' +
    '    at SchemaType.castForQuery (D:\\NEW CRM\\crm\\node_modules\\mongoose\\lib\\schemaType.js:1694:17)\n' +
    '    at D:\\NEW CRM\\crm\\node_modules\\mongoose\\lib\\schemaType.js:1649:18\n' +
    '    at Array.map (<anonymous>)\n' +
    '    at SchemaObjectId.handle$in (D:\\NEW CRM\\crm\\node_modules\\mongoose\\lib\\schemaType.js:1645:14)\n' +
    '    at SchemaType.castForQuery (D:\\NEW CRM\\crm\\node_modules\\mongoose\\lib\\schemaType.js:1690:20)\n' +
    '    at cast (D:\\NEW CRM\\crm\\node_modules\\mongoose\\lib\\cast.js:367:39)\n' +
    '    at Query.cast (D:\\NEW CRM\\crm\\node_modules\\mongoose\\lib\\query.js:5060:12)\n' +
    '    at Query._castConditions (D:\\NEW CRM\\crm\\node_modules\\mongoose\\lib\\query.js:2374:10)\n' +
    '    at model.Query._find (D:\\NEW CRM\\crm\\node_modules\\mongoose\\lib\\query.js:2401:8)\n' +
    '    at model.Query.exec (D:\\NEW CRM\\crm\\node_modules\\mongoose\\lib\\query.js:4627:80)\n' +
    '    at process.processTicksAndRejections (node:internal/process/task_queues:105:5)\n' +
    '    at async Promise.all (index 0)\n' +
    '    at async _populatePath (D:\\NEW CRM\\crm\\node_modules\\mongoose\\lib\\model.js:4569:5)\n' +
    '    at async Promise.all (index 2)\n' +
    '    at async model.populate (D:\\NEW CRM\\crm\\node_modules\\mongoose\\lib\\model.js:4435:5)\n' +
    '    at async model.Query.exec (D:\\NEW CRM\\crm\\node_modules\\mongoose\\lib\\query.js:4627:63)\n' +
    '    at async Promise.all (index 0)\n' +
    '    at async GET.logBody (webpack-internal:///(rsc)/./app/api/leads/route.ts:132:32)\n' +
    '    at async eval (webpack-internal:///(rsc)/./lib/logging/middleware.ts:69:24)\n' +
    '    at async D:\\NEW CRM\\crm\\node_modules\\next\\dist\\compiled\\next-server\\app-route.runtime.dev.js:1:66877',
  timestamp: '2025-09-08T10:47:33.297Z'
}
{
  service: 'crm-api',
  environment: 'development',
  version: '0.1.0',
  stringValue: '""',
  messageFormat: undefined,
  kind: 'ObjectId',
  value: '',
  path: '_id',
  reason: BSONError: input must be a 24 character hex string, 12 byte Uint8Array, or an integer
      at new ObjectId (D:\NEW CRM\crm\node_modules\bson\lib\bson.cjs:2538:23)
      at castObjectId (D:\NEW CRM\crm\node_modules\mongoose\lib\cast\objectid.js:25:12)
      at SchemaObjectId.cast (D:\NEW CRM\crm\node_modules\mongoose\lib\schema\objectId.js:249:12)
      at SchemaType.applySetters (D:\NEW CRM\crm\node_modules\mongoose\lib\schemaType.js:1258:12)
      at SchemaType.castForQuery (D:\NEW CRM\crm\node_modules\mongoose\lib\schemaType.js:1694:17)
      at D:\NEW CRM\crm\node_modules\mongoose\lib\schemaType.js:1649:18
      at Array.map (<anonymous>)
      at SchemaObjectId.handle$in (D:\NEW CRM\crm\node_modules\mongoose\lib\schemaType.js:1645:14)
      at SchemaType.castForQuery (D:\NEW CRM\crm\node_modules\mongoose\lib\schemaType.js:1690:20)
      at cast (D:\NEW CRM\crm\node_modules\mongoose\lib\cast.js:367:39)
      at Query.cast (D:\NEW CRM\crm\node_modules\mongoose\lib\query.js:5060:12)
      at Query._castConditions (D:\NEW CRM\crm\node_modules\mongoose\lib\query.js:2374:10)
      at model.Query._find (D:\NEW CRM\crm\node_modules\mongoose\lib\query.js:2401:8)
      at model.Query.exec (D:\NEW CRM\crm\node_modules\mongoose\lib\query.js:4627:80)
      at process.processTicksAndRejections (node:internal/process/task_queues:105:5)
      at async Promise.all (index 0)
      at async _populatePath (D:\NEW CRM\crm\node_modules\mongoose\lib\model.js:4569:5)
      at async Promise.all (index 2)
      at async model.populate (D:\NEW CRM\crm\node_modules\mongoose\lib\model.js:4435:5)
      at async model.Query.exec (D:\NEW CRM\crm\node_modules\mongoose\lib\query.js:4627:63)
      at async Promise.all (index 0)
      at async GET.logBody (webpack-internal:///(rsc)/./app/api/leads/route.ts:132:32)
      at async eval (webpack-internal:///(rsc)/./lib/logging/middleware.ts:69:24)
      at async D:\NEW CRM\crm\node_modules\next\dist\compiled\next-server\app-route.runtime.dev.js:1:66877,
  valueType: 'string',
  level: 'error',
  message: 'Get leads error: Cast to ObjectId failed for value "" (type string) at path "_id" for model "User"',
  stack: 'CastError: Cast to ObjectId failed for value "" (type string) at path "_id" for model "User"\n' +
    '    at SchemaObjectId.cast (D:\\NEW CRM\\crm\\node_modules\\mongoose\\lib\\schema\\objectId.js:251:11)\n' +
    '    at SchemaType.applySetters (D:\\NEW CRM\\crm\\node_modules\\mongoose\\lib\\schemaType.js:1258:12)\n' +
    '    at SchemaType.castForQuery (D:\\NEW CRM\\crm\\node_modules\\mongoose\\lib\\schemaType.js:1694:17)\n' +
    '    at D:\\NEW CRM\\crm\\node_modules\\mongoose\\lib\\schemaType.js:1649:18\n' +
    '    at Array.map (<anonymous>)\n' +
    '    at SchemaObjectId.handle$in (D:\\NEW CRM\\crm\\node_modules\\mongoose\\lib\\schemaType.js:1645:14)\n' +
    '    at SchemaType.castForQuery (D:\\NEW CRM\\crm\\node_modules\\mongoose\\lib\\schemaType.js:1690:20)\n' +
    '    at cast (D:\\NEW CRM\\crm\\node_modules\\mongoose\\lib\\cast.js:367:39)\n' +
    '    at Query.cast (D:\\NEW CRM\\crm\\node_modules\\mongoose\\lib\\query.js:5060:12)\n' +
    '    at Query._castConditions (D:\\NEW CRM\\crm\\node_modules\\mongoose\\lib\\query.js:2374:10)\n' +
    '    at model.Query._find (D:\\NEW CRM\\crm\\node_modules\\mongoose\\lib\\query.js:2401:8)\n' +
    '    at model.Query.exec (D:\\NEW CRM\\crm\\node_modules\\mongoose\\lib\\query.js:4627:80)\n' +
    '    at process.processTicksAndRejections (node:internal/process/task_queues:105:5)\n' +
    '    at async Promise.all (index 0)\n' +
    '    at async _populatePath (D:\\NEW CRM\\crm\\node_modules\\mongoose\\lib\\model.js:4569:5)\n' +
    '    at async Promise.all (index 2)\n' +
    '    at async model.populate (D:\\NEW CRM\\crm\\node_modules\\mongoose\\lib\\model.js:4435:5)\n' +
    '    at async model.Query.exec (D:\\NEW CRM\\crm\\node_modules\\mongoose\\lib\\query.js:4627:63)\n' +
    '    at async Promise.all (index 0)\n' +
    '    at async GET.logBody (webpack-internal:///(rsc)/./app/api/leads/route.ts:132:32)\n' +
    '    at async eval (webpack-internal:///(rsc)/./lib/logging/middleware.ts:69:24)\n' +
    '    at async D:\\NEW CRM\\crm\\node_modules\\next\\dist\\compiled\\next-server\\app-route.runtime.dev.js:1:66877',
  timestamp: '2025-09-08T10:47:34.773Z'
}
{
  service: 'crm-api',
  environment: 'development',
  version: '0.1.0',
  stringValue: '""',
  messageFormat: undefined,
  kind: 'ObjectId',
  value: '',
  path: '_id',
  reason: BSONError: input must be a 24 character hex string, 12 byte Uint8Array, or an integer
      at new ObjectId (D:\NEW CRM\crm\node_modules\bson\lib\bson.cjs:2538:23)
      at castObjectId (D:\NEW CRM\crm\node_modules\mongoose\lib\cast\objectid.js:25:12)
      at SchemaObjectId.cast (D:\NEW CRM\crm\node_modules\mongoose\lib\schema\objectId.js:249:12)
      at SchemaType.applySetters (D:\NEW CRM\crm\node_modules\mongoose\lib\schemaType.js:1258:12)
      at SchemaType.castForQuery (D:\NEW CRM\crm\node_modules\mongoose\lib\schemaType.js:1694:17)
      at D:\NEW CRM\crm\node_modules\mongoose\lib\schemaType.js:1649:18
      at Array.map (<anonymous>)
      at SchemaObjectId.handle$in (D:\NEW CRM\crm\node_modules\mongoose\lib\schemaType.js:1645:14)
      at SchemaType.castForQuery (D:\NEW CRM\crm\node_modules\mongoose\lib\schemaType.js:1690:20)
      at cast (D:\NEW CRM\crm\node_modules\mongoose\lib\cast.js:367:39)
      at Query.cast (D:\NEW CRM\crm\node_modules\mongoose\lib\query.js:5060:12)
      at Query._castConditions (D:\NEW CRM\crm\node_modules\mongoose\lib\query.js:2374:10)
      at model.Query._find (D:\NEW CRM\crm\node_modules\mongoose\lib\query.js:2401:8)
      at model.Query.exec (D:\NEW CRM\crm\node_modules\mongoose\lib\query.js:4627:80)
      at process.processTicksAndRejections (node:internal/process/task_queues:105:5)
      at async Promise.all (index 0)
      at async _populatePath (D:\NEW CRM\crm\node_modules\mongoose\lib\model.js:4569:5)
      at async Promise.all (index 2)
      at async model.populate (D:\NEW CRM\crm\node_modules\mongoose\lib\model.js:4435:5)
      at async model.Query.exec (D:\NEW CRM\crm\node_modules\mongoose\lib\query.js:4627:63)
      at async Promise.all (index 0)
      at async GET.logBody (webpack-internal:///(rsc)/./app/api/leads/route.ts:132:32)
      at async eval (webpack-internal:///(rsc)/./lib/logging/middleware.ts:69:24)
      at async D:\NEW CRM\crm\node_modules\next\dist\compiled\next-server\app-route.runtime.dev.js:1:66877,
  valueType: 'string',
  level: 'error',
  message: 'Get leads error: Cast to ObjectId failed for value "" (type string) at path "_id" for model "User"',
  stack: 'CastError: Cast to ObjectId failed for value "" (type string) at path "_id" for model "User"\n' +
    '    at SchemaObjectId.cast (D:\\NEW CRM\\crm\\node_modules\\mongoose\\lib\\schema\\objectId.js:251:11)\n' +
    '    at SchemaType.applySetters (D:\\NEW CRM\\crm\\node_modules\\mongoose\\lib\\schemaType.js:1258:12)\n' +
    '    at SchemaType.castForQuery (D:\\NEW CRM\\crm\\node_modules\\mongoose\\lib\\schemaType.js:1694:17)\n' +
    '    at D:\\NEW CRM\\crm\\node_modules\\mongoose\\lib\\schemaType.js:1649:18\n' +
    '    at Array.map (<anonymous>)\n' +
    '    at SchemaObjectId.handle$in (D:\\NEW CRM\\crm\\node_modules\\mongoose\\lib\\schemaType.js:1645:14)\n' +
    '    at SchemaType.castForQuery (D:\\NEW CRM\\crm\\node_modules\\mongoose\\lib\\schemaType.js:1690:20)\n' +
    '    at cast (D:\\NEW CRM\\crm\\node_modules\\mongoose\\lib\\cast.js:367:39)\n' +
    '    at Query.cast (D:\\NEW CRM\\crm\\node_modules\\mongoose\\lib\\query.js:5060:12)\n' +
    '    at Query._castConditions (D:\\NEW CRM\\crm\\node_modules\\mongoose\\lib\\query.js:2374:10)\n' +
    '    at model.Query._find (D:\\NEW CRM\\crm\\node_modules\\mongoose\\lib\\query.js:2401:8)\n' +
    '    at model.Query.exec (D:\\NEW CRM\\crm\\node_modules\\mongoose\\lib\\query.js:4627:80)\n' +
    '    at process.processTicksAndRejections (node:internal/process/task_queues:105:5)\n' +
    '    at async Promise.all (index 0)\n' +
    '    at async _populatePath (D:\\NEW CRM\\crm\\node_modules\\mongoose\\lib\\model.js:4569:5)\n' +
    '    at async Promise.all (index 2)\n' +
    '    at async model.populate (D:\\NEW CRM\\crm\\node_modules\\mongoose\\lib\\model.js:4435:5)\n' +
    '    at async model.Query.exec (D:\\NEW CRM\\crm\\node_modules\\mongoose\\lib\\query.js:4627:63)\n' +
    '    at async Promise.all (index 0)\n' +
    '    at async GET.logBody (webpack-internal:///(rsc)/./app/api/leads/route.ts:132:32)\n' +
    '    at async eval (webpack-internal:///(rsc)/./lib/logging/middleware.ts:69:24)\n' +
    '    at async D:\\NEW CRM\\crm\\node_modules\\next\\dist\\compiled\\next-server\\app-route.runtime.dev.js:1:66877',
  timestamp: '2025-09-08T10:48:22.980Z'
}
{
  service: 'crm-api',
  environment: 'development',
  version: '0.1.0',
  stringValue: '""',
  messageFormat: undefined,
  kind: 'ObjectId',
  value: '',
  path: '_id',
  reason: BSONError: input must be a 24 character hex string, 12 byte Uint8Array, or an integer
      at new ObjectId (D:\NEW CRM\crm\node_modules\bson\lib\bson.cjs:2538:23)
      at castObjectId (D:\NEW CRM\crm\node_modules\mongoose\lib\cast\objectid.js:25:12)
      at SchemaObjectId.cast (D:\NEW CRM\crm\node_modules\mongoose\lib\schema\objectId.js:249:12)
      at SchemaType.applySetters (D:\NEW CRM\crm\node_modules\mongoose\lib\schemaType.js:1258:12)
      at SchemaType.castForQuery (D:\NEW CRM\crm\node_modules\mongoose\lib\schemaType.js:1694:17)
      at D:\NEW CRM\crm\node_modules\mongoose\lib\schemaType.js:1649:18
      at Array.map (<anonymous>)
      at SchemaObjectId.handle$in (D:\NEW CRM\crm\node_modules\mongoose\lib\schemaType.js:1645:14)
      at SchemaType.castForQuery (D:\NEW CRM\crm\node_modules\mongoose\lib\schemaType.js:1690:20)
      at cast (D:\NEW CRM\crm\node_modules\mongoose\lib\cast.js:367:39)
      at Query.cast (D:\NEW CRM\crm\node_modules\mongoose\lib\query.js:5060:12)
      at Query._castConditions (D:\NEW CRM\crm\node_modules\mongoose\lib\query.js:2374:10)
      at model.Query._find (D:\NEW CRM\crm\node_modules\mongoose\lib\query.js:2401:8)
      at model.Query.exec (D:\NEW CRM\crm\node_modules\mongoose\lib\query.js:4627:80)
      at process.processTicksAndRejections (node:internal/process/task_queues:105:5)
      at async Promise.all (index 0)
      at async _populatePath (D:\NEW CRM\crm\node_modules\mongoose\lib\model.js:4569:5)
      at async Promise.all (index 2)
      at async model.populate (D:\NEW CRM\crm\node_modules\mongoose\lib\model.js:4435:5)
      at async model.Query.exec (D:\NEW CRM\crm\node_modules\mongoose\lib\query.js:4627:63)
      at async Promise.all (index 0)
      at async GET.logBody (webpack-internal:///(rsc)/./app/api/leads/route.ts:132:32)
      at async eval (webpack-internal:///(rsc)/./lib/logging/middleware.ts:69:24)
      at async D:\NEW CRM\crm\node_modules\next\dist\compiled\next-server\app-route.runtime.dev.js:1:66877,
  valueType: 'string',
  level: 'error',
  message: 'Get leads error: Cast to ObjectId failed for value "" (type string) at path "_id" for model "User"',
  stack: 'CastError: Cast to ObjectId failed for value "" (type string) at path "_id" for model "User"\n' +
    '    at SchemaObjectId.cast (D:\\NEW CRM\\crm\\node_modules\\mongoose\\lib\\schema\\objectId.js:251:11)\n' +
    '    at SchemaType.applySetters (D:\\NEW CRM\\crm\\node_modules\\mongoose\\lib\\schemaType.js:1258:12)\n' +
    '    at SchemaType.castForQuery (D:\\NEW CRM\\crm\\node_modules\\mongoose\\lib\\schemaType.js:1694:17)\n' +
    '    at D:\\NEW CRM\\crm\\node_modules\\mongoose\\lib\\schemaType.js:1649:18\n' +
    '    at Array.map (<anonymous>)\n' +
    '    at SchemaObjectId.handle$in (D:\\NEW CRM\\crm\\node_modules\\mongoose\\lib\\schemaType.js:1645:14)\n' +
    '    at SchemaType.castForQuery (D:\\NEW CRM\\crm\\node_modules\\mongoose\\lib\\schemaType.js:1690:20)\n' +
    '    at cast (D:\\NEW CRM\\crm\\node_modules\\mongoose\\lib\\cast.js:367:39)\n' +
    '    at Query.cast (D:\\NEW CRM\\crm\\node_modules\\mongoose\\lib\\query.js:5060:12)\n' +
    '    at Query._castConditions (D:\\NEW CRM\\crm\\node_modules\\mongoose\\lib\\query.js:2374:10)\n' +
    '    at model.Query._find (D:\\NEW CRM\\crm\\node_modules\\mongoose\\lib\\query.js:2401:8)\n' +
    '    at model.Query.exec (D:\\NEW CRM\\crm\\node_modules\\mongoose\\lib\\query.js:4627:80)\n' +
    '    at process.processTicksAndRejections (node:internal/process/task_queues:105:5)\n' +
    '    at async Promise.all (index 0)\n' +
    '    at async _populatePath (D:\\NEW CRM\\crm\\node_modules\\mongoose\\lib\\model.js:4569:5)\n' +
    '    at async Promise.all (index 2)\n' +
    '    at async model.populate (D:\\NEW CRM\\crm\\node_modules\\mongoose\\lib\\model.js:4435:5)\n' +
    '    at async model.Query.exec (D:\\NEW CRM\\crm\\node_modules\\mongoose\\lib\\query.js:4627:63)\n' +
    '    at async Promise.all (index 0)\n' +
    '    at async GET.logBody (webpack-internal:///(rsc)/./app/api/leads/route.ts:132:32)\n' +
    '    at async eval (webpack-internal:///(rsc)/./lib/logging/middleware.ts:69:24)\n' +
    '    at async D:\\NEW CRM\\crm\\node_modules\\next\\dist\\compiled\\next-server\\app-route.runtime.dev.js:1:66877',
  timestamp: '2025-09-08T10:48:24.280Z'
}
{
  service: 'crm-api',
  environment: 'development',
  version: '0.1.0',
  stringValue: '""',
  messageFormat: undefined,
  kind: 'ObjectId',
  value: '',
  path: '_id',
  reason: BSONError: input must be a 24 character hex string, 12 byte Uint8Array, or an integer
      at new ObjectId (D:\NEW CRM\crm\node_modules\bson\lib\bson.cjs:2538:23)
      at castObjectId (D:\NEW CRM\crm\node_modules\mongoose\lib\cast\objectid.js:25:12)
      at SchemaObjectId.cast (D:\NEW CRM\crm\node_modules\mongoose\lib\schema\objectId.js:249:12)
      at SchemaType.applySetters (D:\NEW CRM\crm\node_modules\mongoose\lib\schemaType.js:1258:12)
      at SchemaType.castForQuery (D:\NEW CRM\crm\node_modules\mongoose\lib\schemaType.js:1694:17)
      at D:\NEW CRM\crm\node_modules\mongoose\lib\schemaType.js:1649:18
      at Array.map (<anonymous>)
      at SchemaObjectId.handle$in (D:\NEW CRM\crm\node_modules\mongoose\lib\schemaType.js:1645:14)
      at SchemaType.castForQuery (D:\NEW CRM\crm\node_modules\mongoose\lib\schemaType.js:1690:20)
      at cast (D:\NEW CRM\crm\node_modules\mongoose\lib\cast.js:367:39)
      at Query.cast (D:\NEW CRM\crm\node_modules\mongoose\lib\query.js:5060:12)
      at Query._castConditions (D:\NEW CRM\crm\node_modules\mongoose\lib\query.js:2374:10)
      at model.Query._find (D:\NEW CRM\crm\node_modules\mongoose\lib\query.js:2401:8)
      at model.Query.exec (D:\NEW CRM\crm\node_modules\mongoose\lib\query.js:4627:80)
      at process.processTicksAndRejections (node:internal/process/task_queues:105:5)
      at async Promise.all (index 0)
      at async _populatePath (D:\NEW CRM\crm\node_modules\mongoose\lib\model.js:4569:5)
      at async Promise.all (index 2)
      at async model.populate (D:\NEW CRM\crm\node_modules\mongoose\lib\model.js:4435:5)
      at async model.Query.exec (D:\NEW CRM\crm\node_modules\mongoose\lib\query.js:4627:63)
      at async Promise.all (index 0)
      at async GET.logBody (webpack-internal:///(rsc)/./app/api/leads/route.ts:132:32)
      at async eval (webpack-internal:///(rsc)/./lib/logging/middleware.ts:69:24)
      at async D:\NEW CRM\crm\node_modules\next\dist\compiled\next-server\app-route.runtime.dev.js:1:66877,
  valueType: 'string',
  level: 'error',
  message: 'Get leads error: Cast to ObjectId failed for value "" (type string) at path "_id" for model "User"',
  stack: 'CastError: Cast to ObjectId failed for value "" (type string) at path "_id" for model "User"\n' +
    '    at SchemaObjectId.cast (D:\\NEW CRM\\crm\\node_modules\\mongoose\\lib\\schema\\objectId.js:251:11)\n' +
    '    at SchemaType.applySetters (D:\\NEW CRM\\crm\\node_modules\\mongoose\\lib\\schemaType.js:1258:12)\n' +
    '    at SchemaType.castForQuery (D:\\NEW CRM\\crm\\node_modules\\mongoose\\lib\\schemaType.js:1694:17)\n' +
    '    at D:\\NEW CRM\\crm\\node_modules\\mongoose\\lib\\schemaType.js:1649:18\n' +
    '    at Array.map (<anonymous>)\n' +
    '    at SchemaObjectId.handle$in (D:\\NEW CRM\\crm\\node_modules\\mongoose\\lib\\schemaType.js:1645:14)\n' +
    '    at SchemaType.castForQuery (D:\\NEW CRM\\crm\\node_modules\\mongoose\\lib\\schemaType.js:1690:20)\n' +
    '    at cast (D:\\NEW CRM\\crm\\node_modules\\mongoose\\lib\\cast.js:367:39)\n' +
    '    at Query.cast (D:\\NEW CRM\\crm\\node_modules\\mongoose\\lib\\query.js:5060:12)\n' +
    '    at Query._castConditions (D:\\NEW CRM\\crm\\node_modules\\mongoose\\lib\\query.js:2374:10)\n' +
    '    at model.Query._find (D:\\NEW CRM\\crm\\node_modules\\mongoose\\lib\\query.js:2401:8)\n' +
    '    at model.Query.exec (D:\\NEW CRM\\crm\\node_modules\\mongoose\\lib\\query.js:4627:80)\n' +
    '    at process.processTicksAndRejections (node:internal/process/task_queues:105:5)\n' +
    '    at async Promise.all (index 0)\n' +
    '    at async _populatePath (D:\\NEW CRM\\crm\\node_modules\\mongoose\\lib\\model.js:4569:5)\n' +
    '    at async Promise.all (index 2)\n' +
    '    at async model.populate (D:\\NEW CRM\\crm\\node_modules\\mongoose\\lib\\model.js:4435:5)\n' +
    '    at async model.Query.exec (D:\\NEW CRM\\crm\\node_modules\\mongoose\\lib\\query.js:4627:63)\n' +
    '    at async Promise.all (index 0)\n' +
    '    at async GET.logBody (webpack-internal:///(rsc)/./app/api/leads/route.ts:132:32)\n' +
    '    at async eval (webpack-internal:///(rsc)/./lib/logging/middleware.ts:69:24)\n' +
    '    at async D:\\NEW CRM\\crm\\node_modules\\next\\dist\\compiled\\next-server\\app-route.runtime.dev.js:1:66877',
  timestamp: '2025-09-08T10:48:30.635Z'
}
{
  service: 'crm-api',
  environment: 'development',
  version: '0.1.0',
  stringValue: '""',
  messageFormat: undefined,
  kind: 'ObjectId',
  value: '',
  path: '_id',
  reason: BSONError: input must be a 24 character hex string, 12 byte Uint8Array, or an integer
      at new ObjectId (D:\NEW CRM\crm\node_modules\bson\lib\bson.cjs:2538:23)
      at castObjectId (D:\NEW CRM\crm\node_modules\mongoose\lib\cast\objectid.js:25:12)
      at SchemaObjectId.cast (D:\NEW CRM\crm\node_modules\mongoose\lib\schema\objectId.js:249:12)
      at SchemaType.applySetters (D:\NEW CRM\crm\node_modules\mongoose\lib\schemaType.js:1258:12)
      at SchemaType.castForQuery (D:\NEW CRM\crm\node_modules\mongoose\lib\schemaType.js:1694:17)
      at D:\NEW CRM\crm\node_modules\mongoose\lib\schemaType.js:1649:18
      at Array.map (<anonymous>)
      at SchemaObjectId.handle$in (D:\NEW CRM\crm\node_modules\mongoose\lib\schemaType.js:1645:14)
      at SchemaType.castForQuery (D:\NEW CRM\crm\node_modules\mongoose\lib\schemaType.js:1690:20)
      at cast (D:\NEW CRM\crm\node_modules\mongoose\lib\cast.js:367:39)
      at Query.cast (D:\NEW CRM\crm\node_modules\mongoose\lib\query.js:5060:12)
      at Query._castConditions (D:\NEW CRM\crm\node_modules\mongoose\lib\query.js:2374:10)
      at model.Query._find (D:\NEW CRM\crm\node_modules\mongoose\lib\query.js:2401:8)
      at model.Query.exec (D:\NEW CRM\crm\node_modules\mongoose\lib\query.js:4627:80)
      at process.processTicksAndRejections (node:internal/process/task_queues:105:5)
      at async Promise.all (index 0)
      at async _populatePath (D:\NEW CRM\crm\node_modules\mongoose\lib\model.js:4569:5)
      at async Promise.all (index 2)
      at async model.populate (D:\NEW CRM\crm\node_modules\mongoose\lib\model.js:4435:5)
      at async model.Query.exec (D:\NEW CRM\crm\node_modules\mongoose\lib\query.js:4627:63)
      at async Promise.all (index 0)
      at async GET.logBody (webpack-internal:///(rsc)/./app/api/leads/route.ts:132:32)
      at async eval (webpack-internal:///(rsc)/./lib/logging/middleware.ts:69:24)
      at async D:\NEW CRM\crm\node_modules\next\dist\compiled\next-server\app-route.runtime.dev.js:1:66877,
  valueType: 'string',
  level: 'error',
  message: 'Get leads error: Cast to ObjectId failed for value "" (type string) at path "_id" for model "User"',
  stack: 'CastError: Cast to ObjectId failed for value "" (type string) at path "_id" for model "User"\n' +
    '    at SchemaObjectId.cast (D:\\NEW CRM\\crm\\node_modules\\mongoose\\lib\\schema\\objectId.js:251:11)\n' +
    '    at SchemaType.applySetters (D:\\NEW CRM\\crm\\node_modules\\mongoose\\lib\\schemaType.js:1258:12)\n' +
    '    at SchemaType.castForQuery (D:\\NEW CRM\\crm\\node_modules\\mongoose\\lib\\schemaType.js:1694:17)\n' +
    '    at D:\\NEW CRM\\crm\\node_modules\\mongoose\\lib\\schemaType.js:1649:18\n' +
    '    at Array.map (<anonymous>)\n' +
    '    at SchemaObjectId.handle$in (D:\\NEW CRM\\crm\\node_modules\\mongoose\\lib\\schemaType.js:1645:14)\n' +
    '    at SchemaType.castForQuery (D:\\NEW CRM\\crm\\node_modules\\mongoose\\lib\\schemaType.js:1690:20)\n' +
    '    at cast (D:\\NEW CRM\\crm\\node_modules\\mongoose\\lib\\cast.js:367:39)\n' +
    '    at Query.cast (D:\\NEW CRM\\crm\\node_modules\\mongoose\\lib\\query.js:5060:12)\n' +
    '    at Query._castConditions (D:\\NEW CRM\\crm\\node_modules\\mongoose\\lib\\query.js:2374:10)\n' +
    '    at model.Query._find (D:\\NEW CRM\\crm\\node_modules\\mongoose\\lib\\query.js:2401:8)\n' +
    '    at model.Query.exec (D:\\NEW CRM\\crm\\node_modules\\mongoose\\lib\\query.js:4627:80)\n' +
    '    at process.processTicksAndRejections (node:internal/process/task_queues:105:5)\n' +
    '    at async Promise.all (index 0)\n' +
    '    at async _populatePath (D:\\NEW CRM\\crm\\node_modules\\mongoose\\lib\\model.js:4569:5)\n' +
    '    at async Promise.all (index 2)\n' +
    '    at async model.populate (D:\\NEW CRM\\crm\\node_modules\\mongoose\\lib\\model.js:4435:5)\n' +
    '    at async model.Query.exec (D:\\NEW CRM\\crm\\node_modules\\mongoose\\lib\\query.js:4627:63)\n' +
    '    at async Promise.all (index 0)\n' +
    '    at async GET.logBody (webpack-internal:///(rsc)/./app/api/leads/route.ts:132:32)\n' +
    '    at async eval (webpack-internal:///(rsc)/./lib/logging/middleware.ts:69:24)\n' +
    '    at async D:\\NEW CRM\\crm\\node_modules\\next\\dist\\compiled\\next-server\\app-route.runtime.dev.js:1:66877',
  timestamp: '2025-09-08T10:53:47.342Z'
}
{
  service: 'crm-api',
  environment: 'development',
  version: '0.1.0',
  stringValue: '""',
  messageFormat: undefined,
  kind: 'ObjectId',
  value: '',
  path: '_id',
  reason: BSONError: input must be a 24 character hex string, 12 byte Uint8Array, or an integer
      at new ObjectId (D:\NEW CRM\crm\node_modules\bson\lib\bson.cjs:2538:23)
      at castObjectId (D:\NEW CRM\crm\node_modules\mongoose\lib\cast\objectid.js:25:12)
      at SchemaObjectId.cast (D:\NEW CRM\crm\node_modules\mongoose\lib\schema\objectId.js:249:12)
      at SchemaType.applySetters (D:\NEW CRM\crm\node_modules\mongoose\lib\schemaType.js:1258:12)
      at SchemaType.castForQuery (D:\NEW CRM\crm\node_modules\mongoose\lib\schemaType.js:1694:17)
      at D:\NEW CRM\crm\node_modules\mongoose\lib\schemaType.js:1649:18
      at Array.map (<anonymous>)
      at SchemaObjectId.handle$in (D:\NEW CRM\crm\node_modules\mongoose\lib\schemaType.js:1645:14)
      at SchemaType.castForQuery (D:\NEW CRM\crm\node_modules\mongoose\lib\schemaType.js:1690:20)
      at cast (D:\NEW CRM\crm\node_modules\mongoose\lib\cast.js:367:39)
      at Query.cast (D:\NEW CRM\crm\node_modules\mongoose\lib\query.js:5060:12)
      at Query._castConditions (D:\NEW CRM\crm\node_modules\mongoose\lib\query.js:2374:10)
      at model.Query._find (D:\NEW CRM\crm\node_modules\mongoose\lib\query.js:2401:8)
      at model.Query.exec (D:\NEW CRM\crm\node_modules\mongoose\lib\query.js:4627:80)
      at process.processTicksAndRejections (node:internal/process/task_queues:105:5)
      at async Promise.all (index 0)
      at async _populatePath (D:\NEW CRM\crm\node_modules\mongoose\lib\model.js:4569:5)
      at async Promise.all (index 2)
      at async model.populate (D:\NEW CRM\crm\node_modules\mongoose\lib\model.js:4435:5)
      at async model.Query.exec (D:\NEW CRM\crm\node_modules\mongoose\lib\query.js:4627:63)
      at async Promise.all (index 0)
      at async GET.logBody (webpack-internal:///(rsc)/./app/api/leads/route.ts:132:32)
      at async eval (webpack-internal:///(rsc)/./lib/logging/middleware.ts:69:24)
      at async D:\NEW CRM\crm\node_modules\next\dist\compiled\next-server\app-route.runtime.dev.js:1:66877,
  valueType: 'string',
  level: 'error',
  message: 'Get leads error: Cast to ObjectId failed for value "" (type string) at path "_id" for model "User"',
  stack: 'CastError: Cast to ObjectId failed for value "" (type string) at path "_id" for model "User"\n' +
    '    at SchemaObjectId.cast (D:\\NEW CRM\\crm\\node_modules\\mongoose\\lib\\schema\\objectId.js:251:11)\n' +
    '    at SchemaType.applySetters (D:\\NEW CRM\\crm\\node_modules\\mongoose\\lib\\schemaType.js:1258:12)\n' +
    '    at SchemaType.castForQuery (D:\\NEW CRM\\crm\\node_modules\\mongoose\\lib\\schemaType.js:1694:17)\n' +
    '    at D:\\NEW CRM\\crm\\node_modules\\mongoose\\lib\\schemaType.js:1649:18\n' +
    '    at Array.map (<anonymous>)\n' +
    '    at SchemaObjectId.handle$in (D:\\NEW CRM\\crm\\node_modules\\mongoose\\lib\\schemaType.js:1645:14)\n' +
    '    at SchemaType.castForQuery (D:\\NEW CRM\\crm\\node_modules\\mongoose\\lib\\schemaType.js:1690:20)\n' +
    '    at cast (D:\\NEW CRM\\crm\\node_modules\\mongoose\\lib\\cast.js:367:39)\n' +
    '    at Query.cast (D:\\NEW CRM\\crm\\node_modules\\mongoose\\lib\\query.js:5060:12)\n' +
    '    at Query._castConditions (D:\\NEW CRM\\crm\\node_modules\\mongoose\\lib\\query.js:2374:10)\n' +
    '    at model.Query._find (D:\\NEW CRM\\crm\\node_modules\\mongoose\\lib\\query.js:2401:8)\n' +
    '    at model.Query.exec (D:\\NEW CRM\\crm\\node_modules\\mongoose\\lib\\query.js:4627:80)\n' +
    '    at process.processTicksAndRejections (node:internal/process/task_queues:105:5)\n' +
    '    at async Promise.all (index 0)\n' +
    '    at async _populatePath (D:\\NEW CRM\\crm\\node_modules\\mongoose\\lib\\model.js:4569:5)\n' +
    '    at async Promise.all (index 2)\n' +
    '    at async model.populate (D:\\NEW CRM\\crm\\node_modules\\mongoose\\lib\\model.js:4435:5)\n' +
    '    at async model.Query.exec (D:\\NEW CRM\\crm\\node_modules\\mongoose\\lib\\query.js:4627:63)\n' +
    '    at async Promise.all (index 0)\n' +
    '    at async GET.logBody (webpack-internal:///(rsc)/./app/api/leads/route.ts:132:32)\n' +
    '    at async eval (webpack-internal:///(rsc)/./lib/logging/middleware.ts:69:24)\n' +
    '    at async D:\\NEW CRM\\crm\\node_modules\\next\\dist\\compiled\\next-server\\app-route.runtime.dev.js:1:66877',
  timestamp: '2025-09-08T10:54:36.550Z'
}
{
  service: 'crm-api',
  environment: 'development',
  version: '0.1.0',
  stringValue: '""',
  messageFormat: undefined,
  kind: 'ObjectId',
  value: '',
  path: '_id',
  reason: BSONError: input must be a 24 character hex string, 12 byte Uint8Array, or an integer
      at new ObjectId (D:\NEW CRM\crm\node_modules\bson\lib\bson.cjs:2538:23)
      at castObjectId (D:\NEW CRM\crm\node_modules\mongoose\lib\cast\objectid.js:25:12)
      at SchemaObjectId.cast (D:\NEW CRM\crm\node_modules\mongoose\lib\schema\objectId.js:249:12)
      at SchemaType.applySetters (D:\NEW CRM\crm\node_modules\mongoose\lib\schemaType.js:1258:12)
      at SchemaType.castForQuery (D:\NEW CRM\crm\node_modules\mongoose\lib\schemaType.js:1694:17)
      at D:\NEW CRM\crm\node_modules\mongoose\lib\schemaType.js:1649:18
      at Array.map (<anonymous>)
      at SchemaObjectId.handle$in (D:\NEW CRM\crm\node_modules\mongoose\lib\schemaType.js:1645:14)
      at SchemaType.castForQuery (D:\NEW CRM\crm\node_modules\mongoose\lib\schemaType.js:1690:20)
      at cast (D:\NEW CRM\crm\node_modules\mongoose\lib\cast.js:367:39)
      at Query.cast (D:\NEW CRM\crm\node_modules\mongoose\lib\query.js:5060:12)
      at Query._castConditions (D:\NEW CRM\crm\node_modules\mongoose\lib\query.js:2374:10)
      at model.Query._find (D:\NEW CRM\crm\node_modules\mongoose\lib\query.js:2401:8)
      at model.Query.exec (D:\NEW CRM\crm\node_modules\mongoose\lib\query.js:4627:80)
      at process.processTicksAndRejections (node:internal/process/task_queues:105:5)
      at async Promise.all (index 0)
      at async _populatePath (D:\NEW CRM\crm\node_modules\mongoose\lib\model.js:4569:5)
      at async Promise.all (index 2)
      at async model.populate (D:\NEW CRM\crm\node_modules\mongoose\lib\model.js:4435:5)
      at async model.Query.exec (D:\NEW CRM\crm\node_modules\mongoose\lib\query.js:4627:63)
      at async Promise.all (index 0)
      at async GET.logBody (webpack-internal:///(rsc)/./app/api/leads/route.ts:132:32)
      at async eval (webpack-internal:///(rsc)/./lib/logging/middleware.ts:69:24)
      at async D:\NEW CRM\crm\node_modules\next\dist\compiled\next-server\app-route.runtime.dev.js:1:66877,
  valueType: 'string',
  level: 'error',
  message: 'Get leads error: Cast to ObjectId failed for value "" (type string) at path "_id" for model "User"',
  stack: 'CastError: Cast to ObjectId failed for value "" (type string) at path "_id" for model "User"\n' +
    '    at SchemaObjectId.cast (D:\\NEW CRM\\crm\\node_modules\\mongoose\\lib\\schema\\objectId.js:251:11)\n' +
    '    at SchemaType.applySetters (D:\\NEW CRM\\crm\\node_modules\\mongoose\\lib\\schemaType.js:1258:12)\n' +
    '    at SchemaType.castForQuery (D:\\NEW CRM\\crm\\node_modules\\mongoose\\lib\\schemaType.js:1694:17)\n' +
    '    at D:\\NEW CRM\\crm\\node_modules\\mongoose\\lib\\schemaType.js:1649:18\n' +
    '    at Array.map (<anonymous>)\n' +
    '    at SchemaObjectId.handle$in (D:\\NEW CRM\\crm\\node_modules\\mongoose\\lib\\schemaType.js:1645:14)\n' +
    '    at SchemaType.castForQuery (D:\\NEW CRM\\crm\\node_modules\\mongoose\\lib\\schemaType.js:1690:20)\n' +
    '    at cast (D:\\NEW CRM\\crm\\node_modules\\mongoose\\lib\\cast.js:367:39)\n' +
    '    at Query.cast (D:\\NEW CRM\\crm\\node_modules\\mongoose\\lib\\query.js:5060:12)\n' +
    '    at Query._castConditions (D:\\NEW CRM\\crm\\node_modules\\mongoose\\lib\\query.js:2374:10)\n' +
    '    at model.Query._find (D:\\NEW CRM\\crm\\node_modules\\mongoose\\lib\\query.js:2401:8)\n' +
    '    at model.Query.exec (D:\\NEW CRM\\crm\\node_modules\\mongoose\\lib\\query.js:4627:80)\n' +
    '    at process.processTicksAndRejections (node:internal/process/task_queues:105:5)\n' +
    '    at async Promise.all (index 0)\n' +
    '    at async _populatePath (D:\\NEW CRM\\crm\\node_modules\\mongoose\\lib\\model.js:4569:5)\n' +
    '    at async Promise.all (index 2)\n' +
    '    at async model.populate (D:\\NEW CRM\\crm\\node_modules\\mongoose\\lib\\model.js:4435:5)\n' +
    '    at async model.Query.exec (D:\\NEW CRM\\crm\\node_modules\\mongoose\\lib\\query.js:4627:63)\n' +
    '    at async Promise.all (index 0)\n' +
    '    at async GET.logBody (webpack-internal:///(rsc)/./app/api/leads/route.ts:132:32)\n' +
    '    at async eval (webpack-internal:///(rsc)/./lib/logging/middleware.ts:69:24)\n' +
    '    at async D:\\NEW CRM\\crm\\node_modules\\next\\dist\\compiled\\next-server\\app-route.runtime.dev.js:1:66877',
  timestamp: '2025-09-08T11:05:15.624Z'
}
{
  service: 'crm-api',
  environment: 'development',
  version: '0.1.0',
  stringValue: '""',
  messageFormat: undefined,
  kind: 'ObjectId',
  value: '',
  path: '_id',
  reason: BSONError: input must be a 24 character hex string, 12 byte Uint8Array, or an integer
      at new ObjectId (D:\NEW CRM\crm\node_modules\bson\lib\bson.cjs:2538:23)
      at castObjectId (D:\NEW CRM\crm\node_modules\mongoose\lib\cast\objectid.js:25:12)
      at SchemaObjectId.cast (D:\NEW CRM\crm\node_modules\mongoose\lib\schema\objectId.js:249:12)
      at SchemaType.applySetters (D:\NEW CRM\crm\node_modules\mongoose\lib\schemaType.js:1258:12)
      at SchemaType.castForQuery (D:\NEW CRM\crm\node_modules\mongoose\lib\schemaType.js:1694:17)
      at D:\NEW CRM\crm\node_modules\mongoose\lib\schemaType.js:1649:18
      at Array.map (<anonymous>)
      at SchemaObjectId.handle$in (D:\NEW CRM\crm\node_modules\mongoose\lib\schemaType.js:1645:14)
      at SchemaType.castForQuery (D:\NEW CRM\crm\node_modules\mongoose\lib\schemaType.js:1690:20)
      at cast (D:\NEW CRM\crm\node_modules\mongoose\lib\cast.js:367:39)
      at Query.cast (D:\NEW CRM\crm\node_modules\mongoose\lib\query.js:5060:12)
      at Query._castConditions (D:\NEW CRM\crm\node_modules\mongoose\lib\query.js:2374:10)
      at model.Query._find (D:\NEW CRM\crm\node_modules\mongoose\lib\query.js:2401:8)
      at model.Query.exec (D:\NEW CRM\crm\node_modules\mongoose\lib\query.js:4627:80)
      at process.processTicksAndRejections (node:internal/process/task_queues:105:5)
      at async Promise.all (index 0)
      at async _populatePath (D:\NEW CRM\crm\node_modules\mongoose\lib\model.js:4569:5)
      at async Promise.all (index 2)
      at async model.populate (D:\NEW CRM\crm\node_modules\mongoose\lib\model.js:4435:5)
      at async model.Query.exec (D:\NEW CRM\crm\node_modules\mongoose\lib\query.js:4627:63)
      at async Promise.all (index 0)
      at async GET.logBody (webpack-internal:///(rsc)/./app/api/leads/route.ts:132:32)
      at async eval (webpack-internal:///(rsc)/./lib/logging/middleware.ts:69:24)
      at async D:\NEW CRM\crm\node_modules\next\dist\compiled\next-server\app-route.runtime.dev.js:1:66877,
  valueType: 'string',
  level: 'error',
  message: 'Get leads error: Cast to ObjectId failed for value "" (type string) at path "_id" for model "User"',
  stack: 'CastError: Cast to ObjectId failed for value "" (type string) at path "_id" for model "User"\n' +
    '    at SchemaObjectId.cast (D:\\NEW CRM\\crm\\node_modules\\mongoose\\lib\\schema\\objectId.js:251:11)\n' +
    '    at SchemaType.applySetters (D:\\NEW CRM\\crm\\node_modules\\mongoose\\lib\\schemaType.js:1258:12)\n' +
    '    at SchemaType.castForQuery (D:\\NEW CRM\\crm\\node_modules\\mongoose\\lib\\schemaType.js:1694:17)\n' +
    '    at D:\\NEW CRM\\crm\\node_modules\\mongoose\\lib\\schemaType.js:1649:18\n' +
    '    at Array.map (<anonymous>)\n' +
    '    at SchemaObjectId.handle$in (D:\\NEW CRM\\crm\\node_modules\\mongoose\\lib\\schemaType.js:1645:14)\n' +
    '    at SchemaType.castForQuery (D:\\NEW CRM\\crm\\node_modules\\mongoose\\lib\\schemaType.js:1690:20)\n' +
    '    at cast (D:\\NEW CRM\\crm\\node_modules\\mongoose\\lib\\cast.js:367:39)\n' +
    '    at Query.cast (D:\\NEW CRM\\crm\\node_modules\\mongoose\\lib\\query.js:5060:12)\n' +
    '    at Query._castConditions (D:\\NEW CRM\\crm\\node_modules\\mongoose\\lib\\query.js:2374:10)\n' +
    '    at model.Query._find (D:\\NEW CRM\\crm\\node_modules\\mongoose\\lib\\query.js:2401:8)\n' +
    '    at model.Query.exec (D:\\NEW CRM\\crm\\node_modules\\mongoose\\lib\\query.js:4627:80)\n' +
    '    at process.processTicksAndRejections (node:internal/process/task_queues:105:5)\n' +
    '    at async Promise.all (index 0)\n' +
    '    at async _populatePath (D:\\NEW CRM\\crm\\node_modules\\mongoose\\lib\\model.js:4569:5)\n' +
    '    at async Promise.all (index 2)\n' +
    '    at async model.populate (D:\\NEW CRM\\crm\\node_modules\\mongoose\\lib\\model.js:4435:5)\n' +
    '    at async model.Query.exec (D:\\NEW CRM\\crm\\node_modules\\mongoose\\lib\\query.js:4627:63)\n' +
    '    at async Promise.all (index 0)\n' +
    '    at async GET.logBody (webpack-internal:///(rsc)/./app/api/leads/route.ts:132:32)\n' +
    '    at async eval (webpack-internal:///(rsc)/./lib/logging/middleware.ts:69:24)\n' +
    '    at async D:\\NEW CRM\\crm\\node_modules\\next\\dist\\compiled\\next-server\\app-route.runtime.dev.js:1:66877',
  timestamp: '2025-09-08T11:05:17.131Z'
}
{
  service: 'crm-api',
  environment: 'development',
  version: '0.1.0',
  stringValue: '""',
  messageFormat: undefined,
  kind: 'ObjectId',
  value: '',
  path: '_id',
  reason: BSONError: input must be a 24 character hex string, 12 byte Uint8Array, or an integer
      at new ObjectId (D:\NEW CRM\crm\node_modules\bson\lib\bson.cjs:2538:23)
      at castObjectId (D:\NEW CRM\crm\node_modules\mongoose\lib\cast\objectid.js:25:12)
      at SchemaObjectId.cast (D:\NEW CRM\crm\node_modules\mongoose\lib\schema\objectId.js:249:12)
      at SchemaType.applySetters (D:\NEW CRM\crm\node_modules\mongoose\lib\schemaType.js:1258:12)
      at SchemaType.castForQuery (D:\NEW CRM\crm\node_modules\mongoose\lib\schemaType.js:1694:17)
      at D:\NEW CRM\crm\node_modules\mongoose\lib\schemaType.js:1649:18
      at Array.map (<anonymous>)
      at SchemaObjectId.handle$in (D:\NEW CRM\crm\node_modules\mongoose\lib\schemaType.js:1645:14)
      at SchemaType.castForQuery (D:\NEW CRM\crm\node_modules\mongoose\lib\schemaType.js:1690:20)
      at cast (D:\NEW CRM\crm\node_modules\mongoose\lib\cast.js:367:39)
      at Query.cast (D:\NEW CRM\crm\node_modules\mongoose\lib\query.js:5060:12)
      at Query._castConditions (D:\NEW CRM\crm\node_modules\mongoose\lib\query.js:2374:10)
      at model.Query._find (D:\NEW CRM\crm\node_modules\mongoose\lib\query.js:2401:8)
      at model.Query.exec (D:\NEW CRM\crm\node_modules\mongoose\lib\query.js:4627:80)
      at process.processTicksAndRejections (node:internal/process/task_queues:105:5)
      at async Promise.all (index 0)
      at async _populatePath (D:\NEW CRM\crm\node_modules\mongoose\lib\model.js:4569:5)
      at async Promise.all (index 2)
      at async model.populate (D:\NEW CRM\crm\node_modules\mongoose\lib\model.js:4435:5)
      at async model.Query.exec (D:\NEW CRM\crm\node_modules\mongoose\lib\query.js:4627:63)
      at async Promise.all (index 0)
      at async GET.logBody (webpack-internal:///(rsc)/./app/api/leads/route.ts:132:32)
      at async eval (webpack-internal:///(rsc)/./lib/logging/middleware.ts:69:24)
      at async D:\NEW CRM\crm\node_modules\next\dist\compiled\next-server\app-route.runtime.dev.js:1:66877,
  valueType: 'string',
  level: 'error',
  message: 'Get leads error: Cast to ObjectId failed for value "" (type string) at path "_id" for model "User"',
  stack: 'CastError: Cast to ObjectId failed for value "" (type string) at path "_id" for model "User"\n' +
    '    at SchemaObjectId.cast (D:\\NEW CRM\\crm\\node_modules\\mongoose\\lib\\schema\\objectId.js:251:11)\n' +
    '    at SchemaType.applySetters (D:\\NEW CRM\\crm\\node_modules\\mongoose\\lib\\schemaType.js:1258:12)\n' +
    '    at SchemaType.castForQuery (D:\\NEW CRM\\crm\\node_modules\\mongoose\\lib\\schemaType.js:1694:17)\n' +
    '    at D:\\NEW CRM\\crm\\node_modules\\mongoose\\lib\\schemaType.js:1649:18\n' +
    '    at Array.map (<anonymous>)\n' +
    '    at SchemaObjectId.handle$in (D:\\NEW CRM\\crm\\node_modules\\mongoose\\lib\\schemaType.js:1645:14)\n' +
    '    at SchemaType.castForQuery (D:\\NEW CRM\\crm\\node_modules\\mongoose\\lib\\schemaType.js:1690:20)\n' +
    '    at cast (D:\\NEW CRM\\crm\\node_modules\\mongoose\\lib\\cast.js:367:39)\n' +
    '    at Query.cast (D:\\NEW CRM\\crm\\node_modules\\mongoose\\lib\\query.js:5060:12)\n' +
    '    at Query._castConditions (D:\\NEW CRM\\crm\\node_modules\\mongoose\\lib\\query.js:2374:10)\n' +
    '    at model.Query._find (D:\\NEW CRM\\crm\\node_modules\\mongoose\\lib\\query.js:2401:8)\n' +
    '    at model.Query.exec (D:\\NEW CRM\\crm\\node_modules\\mongoose\\lib\\query.js:4627:80)\n' +
    '    at process.processTicksAndRejections (node:internal/process/task_queues:105:5)\n' +
    '    at async Promise.all (index 0)\n' +
    '    at async _populatePath (D:\\NEW CRM\\crm\\node_modules\\mongoose\\lib\\model.js:4569:5)\n' +
    '    at async Promise.all (index 2)\n' +
    '    at async model.populate (D:\\NEW CRM\\crm\\node_modules\\mongoose\\lib\\model.js:4435:5)\n' +
    '    at async model.Query.exec (D:\\NEW CRM\\crm\\node_modules\\mongoose\\lib\\query.js:4627:63)\n' +
    '    at async Promise.all (index 0)\n' +
    '    at async GET.logBody (webpack-internal:///(rsc)/./app/api/leads/route.ts:132:32)\n' +
    '    at async eval (webpack-internal:///(rsc)/./lib/logging/middleware.ts:69:24)\n' +
    '    at async D:\\NEW CRM\\crm\\node_modules\\next\\dist\\compiled\\next-server\\app-route.runtime.dev.js:1:66877',
  timestamp: '2025-09-08T11:05:23.955Z'
}
{
  service: 'crm-api',
  environment: 'development',
  version: '0.1.0',
  stringValue: '""',
  messageFormat: undefined,
  kind: 'ObjectId',
  value: '',
  path: '_id',
  reason: BSONError: input must be a 24 character hex string, 12 byte Uint8Array, or an integer
      at new ObjectId (D:\NEW CRM\crm\node_modules\bson\lib\bson.cjs:2538:23)
      at castObjectId (D:\NEW CRM\crm\node_modules\mongoose\lib\cast\objectid.js:25:12)
      at SchemaObjectId.cast (D:\NEW CRM\crm\node_modules\mongoose\lib\schema\objectId.js:249:12)
      at SchemaType.applySetters (D:\NEW CRM\crm\node_modules\mongoose\lib\schemaType.js:1258:12)
      at SchemaType.castForQuery (D:\NEW CRM\crm\node_modules\mongoose\lib\schemaType.js:1694:17)
      at D:\NEW CRM\crm\node_modules\mongoose\lib\schemaType.js:1649:18
      at Array.map (<anonymous>)
      at SchemaObjectId.handle$in (D:\NEW CRM\crm\node_modules\mongoose\lib\schemaType.js:1645:14)
      at SchemaType.castForQuery (D:\NEW CRM\crm\node_modules\mongoose\lib\schemaType.js:1690:20)
      at cast (D:\NEW CRM\crm\node_modules\mongoose\lib\cast.js:367:39)
      at Query.cast (D:\NEW CRM\crm\node_modules\mongoose\lib\query.js:5060:12)
      at Query._castConditions (D:\NEW CRM\crm\node_modules\mongoose\lib\query.js:2374:10)
      at model.Query._find (D:\NEW CRM\crm\node_modules\mongoose\lib\query.js:2401:8)
      at model.Query.exec (D:\NEW CRM\crm\node_modules\mongoose\lib\query.js:4627:80)
      at process.processTicksAndRejections (node:internal/process/task_queues:105:5)
      at async Promise.all (index 0)
      at async _populatePath (D:\NEW CRM\crm\node_modules\mongoose\lib\model.js:4569:5)
      at async Promise.all (index 2)
      at async model.populate (D:\NEW CRM\crm\node_modules\mongoose\lib\model.js:4435:5),
  valueType: 'string',
  level: 'error',
  message: 'Update lead error: Cast to ObjectId failed for value "" (type string) at path "_id" for model "User"',
  stack: 'CastError: Cast to ObjectId failed for value "" (type string) at path "_id" for model "User"\n' +
    '    at SchemaObjectId.cast (D:\\NEW CRM\\crm\\node_modules\\mongoose\\lib\\schema\\objectId.js:251:11)\n' +
    '    at SchemaType.applySetters (D:\\NEW CRM\\crm\\node_modules\\mongoose\\lib\\schemaType.js:1258:12)\n' +
    '    at SchemaType.castForQuery (D:\\NEW CRM\\crm\\node_modules\\mongoose\\lib\\schemaType.js:1694:17)\n' +
    '    at D:\\NEW CRM\\crm\\node_modules\\mongoose\\lib\\schemaType.js:1649:18\n' +
    '    at Array.map (<anonymous>)\n' +
    '    at SchemaObjectId.handle$in (D:\\NEW CRM\\crm\\node_modules\\mongoose\\lib\\schemaType.js:1645:14)\n' +
    '    at SchemaType.castForQuery (D:\\NEW CRM\\crm\\node_modules\\mongoose\\lib\\schemaType.js:1690:20)\n' +
    '    at cast (D:\\NEW CRM\\crm\\node_modules\\mongoose\\lib\\cast.js:367:39)\n' +
    '    at Query.cast (D:\\NEW CRM\\crm\\node_modules\\mongoose\\lib\\query.js:5060:12)\n' +
    '    at Query._castConditions (D:\\NEW CRM\\crm\\node_modules\\mongoose\\lib\\query.js:2374:10)\n' +
    '    at model.Query._find (D:\\NEW CRM\\crm\\node_modules\\mongoose\\lib\\query.js:2401:8)\n' +
    '    at model.Query.exec (D:\\NEW CRM\\crm\\node_modules\\mongoose\\lib\\query.js:4627:80)\n' +
    '    at process.processTicksAndRejections (node:internal/process/task_queues:105:5)\n' +
    '    at async Promise.all (index 0)\n' +
    '    at async _populatePath (D:\\NEW CRM\\crm\\node_modules\\mongoose\\lib\\model.js:4569:5)\n' +
    '    at async Promise.all (index 2)\n' +
    '    at async model.populate (D:\\NEW CRM\\crm\\node_modules\\mongoose\\lib\\model.js:4435:5)',
  timestamp: '2025-09-08T11:12:06.150Z'
}
{
  service: 'crm-api',
  environment: 'development',
  version: '0.1.0',
  stringValue: '""',
  messageFormat: undefined,
  kind: 'ObjectId',
  value: '',
  path: '_id',
  reason: BSONError: input must be a 24 character hex string, 12 byte Uint8Array, or an integer
      at new ObjectId (D:\NEW CRM\crm\node_modules\bson\lib\bson.cjs:2538:23)
      at castObjectId (D:\NEW CRM\crm\node_modules\mongoose\lib\cast\objectid.js:25:12)
      at SchemaObjectId.cast (D:\NEW CRM\crm\node_modules\mongoose\lib\schema\objectId.js:249:12)
      at SchemaType.applySetters (D:\NEW CRM\crm\node_modules\mongoose\lib\schemaType.js:1258:12)
      at SchemaType.castForQuery (D:\NEW CRM\crm\node_modules\mongoose\lib\schemaType.js:1694:17)
      at D:\NEW CRM\crm\node_modules\mongoose\lib\schemaType.js:1649:18
      at Array.map (<anonymous>)
      at SchemaObjectId.handle$in (D:\NEW CRM\crm\node_modules\mongoose\lib\schemaType.js:1645:14)
      at SchemaType.castForQuery (D:\NEW CRM\crm\node_modules\mongoose\lib\schemaType.js:1690:20)
      at cast (D:\NEW CRM\crm\node_modules\mongoose\lib\cast.js:367:39)
      at Query.cast (D:\NEW CRM\crm\node_modules\mongoose\lib\query.js:5060:12)
      at Query._castConditions (D:\NEW CRM\crm\node_modules\mongoose\lib\query.js:2374:10)
      at model.Query._find (D:\NEW CRM\crm\node_modules\mongoose\lib\query.js:2401:8)
      at model.Query.exec (D:\NEW CRM\crm\node_modules\mongoose\lib\query.js:4627:80)
      at process.processTicksAndRejections (node:internal/process/task_queues:105:5)
      at async Promise.all (index 0)
      at async _populatePath (D:\NEW CRM\crm\node_modules\mongoose\lib\model.js:4569:5)
      at async Promise.all (index 2)
      at async model.populate (D:\NEW CRM\crm\node_modules\mongoose\lib\model.js:4435:5),
  valueType: 'string',
  level: 'error',
  message: 'Update lead error: Cast to ObjectId failed for value "" (type string) at path "_id" for model "User"',
  stack: 'CastError: Cast to ObjectId failed for value "" (type string) at path "_id" for model "User"\n' +
    '    at SchemaObjectId.cast (D:\\NEW CRM\\crm\\node_modules\\mongoose\\lib\\schema\\objectId.js:251:11)\n' +
    '    at SchemaType.applySetters (D:\\NEW CRM\\crm\\node_modules\\mongoose\\lib\\schemaType.js:1258:12)\n' +
    '    at SchemaType.castForQuery (D:\\NEW CRM\\crm\\node_modules\\mongoose\\lib\\schemaType.js:1694:17)\n' +
    '    at D:\\NEW CRM\\crm\\node_modules\\mongoose\\lib\\schemaType.js:1649:18\n' +
    '    at Array.map (<anonymous>)\n' +
    '    at SchemaObjectId.handle$in (D:\\NEW CRM\\crm\\node_modules\\mongoose\\lib\\schemaType.js:1645:14)\n' +
    '    at SchemaType.castForQuery (D:\\NEW CRM\\crm\\node_modules\\mongoose\\lib\\schemaType.js:1690:20)\n' +
    '    at cast (D:\\NEW CRM\\crm\\node_modules\\mongoose\\lib\\cast.js:367:39)\n' +
    '    at Query.cast (D:\\NEW CRM\\crm\\node_modules\\mongoose\\lib\\query.js:5060:12)\n' +
    '    at Query._castConditions (D:\\NEW CRM\\crm\\node_modules\\mongoose\\lib\\query.js:2374:10)\n' +
    '    at model.Query._find (D:\\NEW CRM\\crm\\node_modules\\mongoose\\lib\\query.js:2401:8)\n' +
    '    at model.Query.exec (D:\\NEW CRM\\crm\\node_modules\\mongoose\\lib\\query.js:4627:80)\n' +
    '    at process.processTicksAndRejections (node:internal/process/task_queues:105:5)\n' +
    '    at async Promise.all (index 0)\n' +
    '    at async _populatePath (D:\\NEW CRM\\crm\\node_modules\\mongoose\\lib\\model.js:4569:5)\n' +
    '    at async Promise.all (index 2)\n' +
    '    at async model.populate (D:\\NEW CRM\\crm\\node_modules\\mongoose\\lib\\model.js:4435:5)',
  timestamp: '2025-09-08T11:15:09.251Z'
}
{
  service: 'crm-api',
  environment: 'development',
  version: '0.1.0',
  stringValue: '""',
  messageFormat: undefined,
  kind: 'ObjectId',
  value: '',
  path: '_id',
  reason: BSONError: input must be a 24 character hex string, 12 byte Uint8Array, or an integer
      at new ObjectId (D:\NEW CRM\crm\node_modules\bson\lib\bson.cjs:2538:23)
      at castObjectId (D:\NEW CRM\crm\node_modules\mongoose\lib\cast\objectid.js:25:12)
      at SchemaObjectId.cast (D:\NEW CRM\crm\node_modules\mongoose\lib\schema\objectId.js:249:12)
      at SchemaType.applySetters (D:\NEW CRM\crm\node_modules\mongoose\lib\schemaType.js:1258:12)
      at SchemaType.castForQuery (D:\NEW CRM\crm\node_modules\mongoose\lib\schemaType.js:1694:17)
      at D:\NEW CRM\crm\node_modules\mongoose\lib\schemaType.js:1649:18
      at Array.map (<anonymous>)
      at SchemaObjectId.handle$in (D:\NEW CRM\crm\node_modules\mongoose\lib\schemaType.js:1645:14)
      at SchemaType.castForQuery (D:\NEW CRM\crm\node_modules\mongoose\lib\schemaType.js:1690:20)
      at cast (D:\NEW CRM\crm\node_modules\mongoose\lib\cast.js:367:39)
      at Query.cast (D:\NEW CRM\crm\node_modules\mongoose\lib\query.js:5060:12)
      at Query._castConditions (D:\NEW CRM\crm\node_modules\mongoose\lib\query.js:2374:10)
      at model.Query._find (D:\NEW CRM\crm\node_modules\mongoose\lib\query.js:2401:8)
      at model.Query.exec (D:\NEW CRM\crm\node_modules\mongoose\lib\query.js:4627:80)
      at process.processTicksAndRejections (node:internal/process/task_queues:105:5)
      at async Promise.all (index 0)
      at async _populatePath (D:\NEW CRM\crm\node_modules\mongoose\lib\model.js:4569:5)
      at async Promise.all (index 2)
      at async model.populate (D:\NEW CRM\crm\node_modules\mongoose\lib\model.js:4435:5),
  valueType: 'string',
  level: 'error',
  message: 'Update lead error: Cast to ObjectId failed for value "" (type string) at path "_id" for model "User"',
  stack: 'CastError: Cast to ObjectId failed for value "" (type string) at path "_id" for model "User"\n' +
    '    at SchemaObjectId.cast (D:\\NEW CRM\\crm\\node_modules\\mongoose\\lib\\schema\\objectId.js:251:11)\n' +
    '    at SchemaType.applySetters (D:\\NEW CRM\\crm\\node_modules\\mongoose\\lib\\schemaType.js:1258:12)\n' +
    '    at SchemaType.castForQuery (D:\\NEW CRM\\crm\\node_modules\\mongoose\\lib\\schemaType.js:1694:17)\n' +
    '    at D:\\NEW CRM\\crm\\node_modules\\mongoose\\lib\\schemaType.js:1649:18\n' +
    '    at Array.map (<anonymous>)\n' +
    '    at SchemaObjectId.handle$in (D:\\NEW CRM\\crm\\node_modules\\mongoose\\lib\\schemaType.js:1645:14)\n' +
    '    at SchemaType.castForQuery (D:\\NEW CRM\\crm\\node_modules\\mongoose\\lib\\schemaType.js:1690:20)\n' +
    '    at cast (D:\\NEW CRM\\crm\\node_modules\\mongoose\\lib\\cast.js:367:39)\n' +
    '    at Query.cast (D:\\NEW CRM\\crm\\node_modules\\mongoose\\lib\\query.js:5060:12)\n' +
    '    at Query._castConditions (D:\\NEW CRM\\crm\\node_modules\\mongoose\\lib\\query.js:2374:10)\n' +
    '    at model.Query._find (D:\\NEW CRM\\crm\\node_modules\\mongoose\\lib\\query.js:2401:8)\n' +
    '    at model.Query.exec (D:\\NEW CRM\\crm\\node_modules\\mongoose\\lib\\query.js:4627:80)\n' +
    '    at process.processTicksAndRejections (node:internal/process/task_queues:105:5)\n' +
    '    at async Promise.all (index 0)\n' +
    '    at async _populatePath (D:\\NEW CRM\\crm\\node_modules\\mongoose\\lib\\model.js:4569:5)\n' +
    '    at async Promise.all (index 2)\n' +
    '    at async model.populate (D:\\NEW CRM\\crm\\node_modules\\mongoose\\lib\\model.js:4435:5)',
  timestamp: '2025-09-08T11:17:01.802Z'
}
{
  service: 'crm-api',
  environment: 'development',
  version: '0.1.0',
  stringValue: '""',
  messageFormat: undefined,
  kind: 'ObjectId',
  value: '',
  path: '_id',
  reason: BSONError: input must be a 24 character hex string, 12 byte Uint8Array, or an integer
      at new ObjectId (D:\NEW CRM\crm\node_modules\bson\lib\bson.cjs:2538:23)
      at castObjectId (D:\NEW CRM\crm\node_modules\mongoose\lib\cast\objectid.js:25:12)
      at SchemaObjectId.cast (D:\NEW CRM\crm\node_modules\mongoose\lib\schema\objectId.js:249:12)
      at SchemaType.applySetters (D:\NEW CRM\crm\node_modules\mongoose\lib\schemaType.js:1258:12)
      at SchemaType.castForQuery (D:\NEW CRM\crm\node_modules\mongoose\lib\schemaType.js:1694:17)
      at D:\NEW CRM\crm\node_modules\mongoose\lib\schemaType.js:1649:18
      at Array.map (<anonymous>)
      at SchemaObjectId.handle$in (D:\NEW CRM\crm\node_modules\mongoose\lib\schemaType.js:1645:14)
      at SchemaType.castForQuery (D:\NEW CRM\crm\node_modules\mongoose\lib\schemaType.js:1690:20)
      at cast (D:\NEW CRM\crm\node_modules\mongoose\lib\cast.js:367:39)
      at Query.cast (D:\NEW CRM\crm\node_modules\mongoose\lib\query.js:5060:12)
      at Query._castConditions (D:\NEW CRM\crm\node_modules\mongoose\lib\query.js:2374:10)
      at model.Query._find (D:\NEW CRM\crm\node_modules\mongoose\lib\query.js:2401:8)
      at model.Query.exec (D:\NEW CRM\crm\node_modules\mongoose\lib\query.js:4627:80)
      at process.processTicksAndRejections (node:internal/process/task_queues:105:5)
      at async Promise.all (index 0)
      at async _populatePath (D:\NEW CRM\crm\node_modules\mongoose\lib\model.js:4569:5)
      at async Promise.all (index 2)
      at async model.populate (D:\NEW CRM\crm\node_modules\mongoose\lib\model.js:4435:5),
  valueType: 'string',
  level: 'error',
  message: 'Update lead error: Cast to ObjectId failed for value "" (type string) at path "_id" for model "User"',
  stack: 'CastError: Cast to ObjectId failed for value "" (type string) at path "_id" for model "User"\n' +
    '    at SchemaObjectId.cast (D:\\NEW CRM\\crm\\node_modules\\mongoose\\lib\\schema\\objectId.js:251:11)\n' +
    '    at SchemaType.applySetters (D:\\NEW CRM\\crm\\node_modules\\mongoose\\lib\\schemaType.js:1258:12)\n' +
    '    at SchemaType.castForQuery (D:\\NEW CRM\\crm\\node_modules\\mongoose\\lib\\schemaType.js:1694:17)\n' +
    '    at D:\\NEW CRM\\crm\\node_modules\\mongoose\\lib\\schemaType.js:1649:18\n' +
    '    at Array.map (<anonymous>)\n' +
    '    at SchemaObjectId.handle$in (D:\\NEW CRM\\crm\\node_modules\\mongoose\\lib\\schemaType.js:1645:14)\n' +
    '    at SchemaType.castForQuery (D:\\NEW CRM\\crm\\node_modules\\mongoose\\lib\\schemaType.js:1690:20)\n' +
    '    at cast (D:\\NEW CRM\\crm\\node_modules\\mongoose\\lib\\cast.js:367:39)\n' +
    '    at Query.cast (D:\\NEW CRM\\crm\\node_modules\\mongoose\\lib\\query.js:5060:12)\n' +
    '    at Query._castConditions (D:\\NEW CRM\\crm\\node_modules\\mongoose\\lib\\query.js:2374:10)\n' +
    '    at model.Query._find (D:\\NEW CRM\\crm\\node_modules\\mongoose\\lib\\query.js:2401:8)\n' +
    '    at model.Query.exec (D:\\NEW CRM\\crm\\node_modules\\mongoose\\lib\\query.js:4627:80)\n' +
    '    at process.processTicksAndRejections (node:internal/process/task_queues:105:5)\n' +
    '    at async Promise.all (index 0)\n' +
    '    at async _populatePath (D:\\NEW CRM\\crm\\node_modules\\mongoose\\lib\\model.js:4569:5)\n' +
    '    at async Promise.all (index 2)\n' +
    '    at async model.populate (D:\\NEW CRM\\crm\\node_modules\\mongoose\\lib\\model.js:4435:5)',
  timestamp: '2025-09-08T11:24:52.354Z'
}
{
  service: 'crm-api',
  environment: 'development',
  version: '0.1.0',
  error: 'Transaction numbers are only allowed on a replica set member or mongos',
  stack: 'MongoServerError: Transaction numbers are only allowed on a replica set member or mongos\n' +
    '    at Connection.sendCommand (D:\\NEW CRM\\crm\\node_modules\\mongoose\\node_modules\\mongodb\\lib\\cmap\\connection.js:305:27)\n' +
    '    at process.processTicksAndRejections (node:internal/process/task_queues:105:5)\n' +
    '    at async Connection.command (D:\\NEW CRM\\crm\\node_modules\\mongoose\\node_modules\\mongodb\\lib\\cmap\\connection.js:333:26)\n' +
    '    at async Server.command (D:\\NEW CRM\\crm\\node_modules\\mongoose\\node_modules\\mongodb\\lib\\sdam\\server.js:171:29)\n' +
    '    at async InsertOneOperation.executeCommand (D:\\NEW CRM\\crm\\node_modules\\mongoose\\node_modules\\mongodb\\lib\\operations\\command.js:76:16)\n' +
    '    at async InsertOneOperation.execute (D:\\NEW CRM\\crm\\node_modules\\mongoose\\node_modules\\mongodb\\lib\\operations\\insert.js:37:16)\n' +
    '    at async InsertOneOperation.execute (D:\\NEW CRM\\crm\\node_modules\\mongoose\\node_modules\\mongodb\\lib\\operations\\insert.js:46:21)\n' +
    '    at async tryOperation (D:\\NEW CRM\\crm\\node_modules\\mongoose\\node_modules\\mongodb\\lib\\operations\\execute_operation.js:207:20)\n' +
    '    at async executeOperation (D:\\NEW CRM\\crm\\node_modules\\mongoose\\node_modules\\mongodb\\lib\\operations\\execute_operation.js:75:16)\n' +
    '    at async Collection.insertOne (D:\\NEW CRM\\crm\\node_modules\\mongoose\\node_modules\\mongodb\\lib\\collection.js:157:16)',
  level: 'error',
  message: 'Create workspace failed after 957ms',
  timestamp: '2025-09-08T11:25:53.984Z'
}
{
  service: 'crm-api',
  environment: 'development',
  version: '0.1.0',
  error: 'Transaction numbers are only allowed on a replica set member or mongos',
  stack: 'MongoServerError: Transaction numbers are only allowed on a replica set member or mongos\n' +
    '    at Connection.sendCommand (D:\\NEW CRM\\crm\\node_modules\\mongoose\\node_modules\\mongodb\\lib\\cmap\\connection.js:305:27)\n' +
    '    at process.processTicksAndRejections (node:internal/process/task_queues:105:5)\n' +
    '    at async Connection.command (D:\\NEW CRM\\crm\\node_modules\\mongoose\\node_modules\\mongodb\\lib\\cmap\\connection.js:333:26)\n' +
    '    at async Server.command (D:\\NEW CRM\\crm\\node_modules\\mongoose\\node_modules\\mongodb\\lib\\sdam\\server.js:171:29)\n' +
    '    at async InsertOneOperation.executeCommand (D:\\NEW CRM\\crm\\node_modules\\mongoose\\node_modules\\mongodb\\lib\\operations\\command.js:76:16)\n' +
    '    at async InsertOneOperation.execute (D:\\NEW CRM\\crm\\node_modules\\mongoose\\node_modules\\mongodb\\lib\\operations\\insert.js:37:16)\n' +
    '    at async InsertOneOperation.execute (D:\\NEW CRM\\crm\\node_modules\\mongoose\\node_modules\\mongodb\\lib\\operations\\insert.js:46:21)\n' +
    '    at async tryOperation (D:\\NEW CRM\\crm\\node_modules\\mongoose\\node_modules\\mongodb\\lib\\operations\\execute_operation.js:207:20)\n' +
    '    at async executeOperation (D:\\NEW CRM\\crm\\node_modules\\mongoose\\node_modules\\mongodb\\lib\\operations\\execute_operation.js:75:16)\n' +
    '    at async Collection.insertOne (D:\\NEW CRM\\crm\\node_modules\\mongoose\\node_modules\\mongodb\\lib\\collection.js:157:16)',
  level: 'error',
  message: 'Create workspace failed after 762ms',
  timestamp: '2025-09-08T11:56:00.199Z'
}
{
  service: 'crm-api',
  environment: 'development',
  version: '0.1.0',
  error: 'Transaction numbers are only allowed on a replica set member or mongos',
  stack: 'MongoServerError: Transaction numbers are only allowed on a replica set member or mongos\n' +
    '    at Connection.sendCommand (D:\\NEW CRM\\crm\\node_modules\\mongoose\\node_modules\\mongodb\\lib\\cmap\\connection.js:305:27)\n' +
    '    at process.processTicksAndRejections (node:internal/process/task_queues:105:5)\n' +
    '    at async Connection.command (D:\\NEW CRM\\crm\\node_modules\\mongoose\\node_modules\\mongodb\\lib\\cmap\\connection.js:333:26)\n' +
    '    at async Server.command (D:\\NEW CRM\\crm\\node_modules\\mongoose\\node_modules\\mongodb\\lib\\sdam\\server.js:171:29)\n' +
    '    at async InsertOneOperation.executeCommand (D:\\NEW CRM\\crm\\node_modules\\mongoose\\node_modules\\mongodb\\lib\\operations\\command.js:76:16)\n' +
    '    at async InsertOneOperation.execute (D:\\NEW CRM\\crm\\node_modules\\mongoose\\node_modules\\mongodb\\lib\\operations\\insert.js:37:16)\n' +
    '    at async InsertOneOperation.execute (D:\\NEW CRM\\crm\\node_modules\\mongoose\\node_modules\\mongodb\\lib\\operations\\insert.js:46:21)\n' +
    '    at async tryOperation (D:\\NEW CRM\\crm\\node_modules\\mongoose\\node_modules\\mongodb\\lib\\operations\\execute_operation.js:207:20)\n' +
    '    at async executeOperation (D:\\NEW CRM\\crm\\node_modules\\mongoose\\node_modules\\mongodb\\lib\\operations\\execute_operation.js:75:16)\n' +
    '    at async Collection.insertOne (D:\\NEW CRM\\crm\\node_modules\\mongoose\\node_modules\\mongodb\\lib\\collection.js:157:16)',
  level: 'error',
  message: 'Create workspace failed after 619ms',
  timestamp: '2025-09-08T11:56:08.372Z'
}
{
  service: 'crm-api',
  environment: 'development',
  version: '0.1.0',
  error: 'Transaction numbers are only allowed on a replica set member or mongos',
  stack: 'MongoServerError: Transaction numbers are only allowed on a replica set member or mongos\n' +
    '    at Connection.sendCommand (D:\\NEW CRM\\crm\\node_modules\\mongoose\\node_modules\\mongodb\\lib\\cmap\\connection.js:305:27)\n' +
    '    at process.processTicksAndRejections (node:internal/process/task_queues:105:5)\n' +
    '    at async Connection.command (D:\\NEW CRM\\crm\\node_modules\\mongoose\\node_modules\\mongodb\\lib\\cmap\\connection.js:333:26)\n' +
    '    at async Server.command (D:\\NEW CRM\\crm\\node_modules\\mongoose\\node_modules\\mongodb\\lib\\sdam\\server.js:171:29)\n' +
    '    at async InsertOneOperation.executeCommand (D:\\NEW CRM\\crm\\node_modules\\mongoose\\node_modules\\mongodb\\lib\\operations\\command.js:76:16)\n' +
    '    at async InsertOneOperation.execute (D:\\NEW CRM\\crm\\node_modules\\mongoose\\node_modules\\mongodb\\lib\\operations\\insert.js:37:16)\n' +
    '    at async InsertOneOperation.execute (D:\\NEW CRM\\crm\\node_modules\\mongoose\\node_modules\\mongodb\\lib\\operations\\insert.js:46:21)\n' +
    '    at async tryOperation (D:\\NEW CRM\\crm\\node_modules\\mongoose\\node_modules\\mongodb\\lib\\operations\\execute_operation.js:207:20)\n' +
    '    at async executeOperation (D:\\NEW CRM\\crm\\node_modules\\mongoose\\node_modules\\mongodb\\lib\\operations\\execute_operation.js:75:16)\n' +
    '    at async Collection.insertOne (D:\\NEW CRM\\crm\\node_modules\\mongoose\\node_modules\\mongodb\\lib\\collection.js:157:16)',
  level: 'error',
  message: 'Create workspace failed after 554ms',
  timestamp: '2025-09-08T13:38:45.496Z'
}
{
  service: 'crm-api',
  environment: 'development',
  version: '0.1.0',
  error: 'Transaction numbers are only allowed on a replica set member or mongos',
  stack: 'MongoServerError: Transaction numbers are only allowed on a replica set member or mongos\n' +
    '    at Connection.sendCommand (D:\\NEW CRM\\crm\\node_modules\\mongoose\\node_modules\\mongodb\\lib\\cmap\\connection.js:305:27)\n' +
    '    at process.processTicksAndRejections (node:internal/process/task_queues:105:5)\n' +
    '    at async Connection.command (D:\\NEW CRM\\crm\\node_modules\\mongoose\\node_modules\\mongodb\\lib\\cmap\\connection.js:333:26)\n' +
    '    at async Server.command (D:\\NEW CRM\\crm\\node_modules\\mongoose\\node_modules\\mongodb\\lib\\sdam\\server.js:171:29)\n' +
    '    at async InsertOneOperation.executeCommand (D:\\NEW CRM\\crm\\node_modules\\mongoose\\node_modules\\mongodb\\lib\\operations\\command.js:76:16)\n' +
    '    at async InsertOneOperation.execute (D:\\NEW CRM\\crm\\node_modules\\mongoose\\node_modules\\mongodb\\lib\\operations\\insert.js:37:16)\n' +
    '    at async InsertOneOperation.execute (D:\\NEW CRM\\crm\\node_modules\\mongoose\\node_modules\\mongodb\\lib\\operations\\insert.js:46:21)\n' +
    '    at async tryOperation (D:\\NEW CRM\\crm\\node_modules\\mongoose\\node_modules\\mongodb\\lib\\operations\\execute_operation.js:207:20)\n' +
    '    at async executeOperation (D:\\NEW CRM\\crm\\node_modules\\mongoose\\node_modules\\mongodb\\lib\\operations\\execute_operation.js:75:16)\n' +
    '    at async Collection.insertOne (D:\\NEW CRM\\crm\\node_modules\\mongoose\\node_modules\\mongodb\\lib\\collection.js:157:16)',
  level: 'error',
  message: 'Create workspace failed after 548ms',
  timestamp: '2025-09-08T13:38:52.304Z'
}
{
  service: 'crm-api',
  environment: 'development',
  version: '0.1.0',
  error: 'E11000 duplicate key error collection: test.roles index: name_1 dup key: { name: "Owner" }',
  stack: 'MongoServerError: E11000 duplicate key error collection: test.roles index: name_1 dup key: { name: "Owner" }\n' +
    '    at InsertOneOperation.execute (D:\\NEW CRM\\crm\\node_modules\\mongoose\\node_modules\\mongodb\\lib\\operations\\insert.js:51:19)\n' +
    '    at process.processTicksAndRejections (node:internal/process/task_queues:105:5)\n' +
    '    at async tryOperation (D:\\NEW CRM\\crm\\node_modules\\mongoose\\node_modules\\mongodb\\lib\\operations\\execute_operation.js:207:20)\n' +
    '    at async executeOperation (D:\\NEW CRM\\crm\\node_modules\\mongoose\\node_modules\\mongodb\\lib\\operations\\execute_operation.js:75:16)\n' +
    '    at async Collection.insertOne (D:\\NEW CRM\\crm\\node_modules\\mongoose\\node_modules\\mongodb\\lib\\collection.js:157:16)',
  level: 'error',
  message: 'Create workspace failed after 721ms',
  timestamp: '2025-09-08T13:58:16.078Z'
}
{
  service: 'crm-api',
  environment: 'development',
  version: '0.1.0',
  error: 'E11000 duplicate key error collection: test.roles index: name_1 dup key: { name: "Owner" }',
  stack: 'MongoServerError: E11000 duplicate key error collection: test.roles index: name_1 dup key: { name: "Owner" }\n' +
    '    at InsertOneOperation.execute (D:\\NEW CRM\\crm\\node_modules\\mongoose\\node_modules\\mongodb\\lib\\operations\\insert.js:51:19)\n' +
    '    at process.processTicksAndRejections (node:internal/process/task_queues:105:5)\n' +
    '    at async tryOperation (D:\\NEW CRM\\crm\\node_modules\\mongoose\\node_modules\\mongodb\\lib\\operations\\execute_operation.js:207:20)\n' +
    '    at async executeOperation (D:\\NEW CRM\\crm\\node_modules\\mongoose\\node_modules\\mongodb\\lib\\operations\\execute_operation.js:75:16)\n' +
    '    at async Collection.insertOne (D:\\NEW CRM\\crm\\node_modules\\mongoose\\node_modules\\mongodb\\lib\\collection.js:157:16)',
  level: 'error',
  message: 'Create workspace failed after 754ms',
  timestamp: '2025-09-08T13:58:52.729Z'
}
{
  service: 'crm-api',
  environment: 'development',
  version: '0.1.0',
  error: 'E11000 duplicate key error collection: test.roles index: name_1 dup key: { name: "Owner" }',
  stack: 'MongoServerError: E11000 duplicate key error collection: test.roles index: name_1 dup key: { name: "Owner" }\n' +
    '    at InsertOneOperation.execute (D:\\NEW CRM\\crm\\node_modules\\mongoose\\node_modules\\mongodb\\lib\\operations\\insert.js:51:19)\n' +
    '    at process.processTicksAndRejections (node:internal/process/task_queues:105:5)\n' +
    '    at async tryOperation (D:\\NEW CRM\\crm\\node_modules\\mongoose\\node_modules\\mongodb\\lib\\operations\\execute_operation.js:207:20)\n' +
    '    at async executeOperation (D:\\NEW CRM\\crm\\node_modules\\mongoose\\node_modules\\mongodb\\lib\\operations\\execute_operation.js:75:16)\n' +
    '    at async Collection.insertOne (D:\\NEW CRM\\crm\\node_modules\\mongoose\\node_modules\\mongodb\\lib\\collection.js:157:16)',
  level: 'error',
  message: 'Create workspace failed after 1088ms',
  timestamp: '2025-09-08T13:59:14.876Z'
}
{
  service: 'crm-api',
  environment: 'development',
  version: '0.1.0',
  error: 'E11000 duplicate key error collection: test.roles index: name_1 dup key: { name: "Owner" }',
  stack: 'MongoServerError: E11000 duplicate key error collection: test.roles index: name_1 dup key: { name: "Owner" }\n' +
    '    at InsertOneOperation.execute (D:\\NEW CRM\\crm\\node_modules\\mongoose\\node_modules\\mongodb\\lib\\operations\\insert.js:51:19)\n' +
    '    at process.processTicksAndRejections (node:internal/process/task_queues:105:5)\n' +
    '    at async tryOperation (D:\\NEW CRM\\crm\\node_modules\\mongoose\\node_modules\\mongodb\\lib\\operations\\execute_operation.js:207:20)\n' +
    '    at async executeOperation (D:\\NEW CRM\\crm\\node_modules\\mongoose\\node_modules\\mongodb\\lib\\operations\\execute_operation.js:75:16)\n' +
    '    at async Collection.insertOne (D:\\NEW CRM\\crm\\node_modules\\mongoose\\node_modules\\mongodb\\lib\\collection.js:157:16)',
  level: 'error',
  message: 'Create workspace failed after 1493ms',
  timestamp: '2025-09-08T14:02:26.353Z'
}
{
  service: 'crm-api',
  environment: 'development',
  version: '0.1.0',
  error: "Cannot read properties of null (reading '_id')",
  stack: "TypeError: Cannot read properties of null (reading '_id')\n" +
    '    at eval (webpack-internal:///(rsc)/./app/api/workspaces/route.ts:180:44)\n' +
    '    at Array.map (<anonymous>)\n' +
    '    at eval (webpack-internal:///(rsc)/./app/api/workspaces/route.ts:179:40)\n' +
    '    at process.processTicksAndRejections (node:internal/process/task_queues:105:5)\n' +
    '    at async eval (webpack-internal:///(rsc)/./lib/logging/middleware.ts:69:24)\n' +
    '    at async D:\\NEW CRM\\crm\\node_modules\\next\\dist\\compiled\\next-server\\app-route.runtime.dev.js:1:66877',
  level: 'error',
  message: 'Get workspaces failed after 527ms',
  timestamp: '2025-09-08T14:09:01.572Z'
}
{
  service: 'crm-api',
  environment: 'development',
  version: '0.1.0',
  error: "Cannot read properties of null (reading '_id')",
  stack: "TypeError: Cannot read properties of null (reading '_id')\n" +
    '    at eval (webpack-internal:///(rsc)/./app/api/workspaces/route.ts:180:44)\n' +
    '    at Array.map (<anonymous>)\n' +
    '    at eval (webpack-internal:///(rsc)/./app/api/workspaces/route.ts:179:40)\n' +
    '    at process.processTicksAndRejections (node:internal/process/task_queues:105:5)\n' +
    '    at async eval (webpack-internal:///(rsc)/./lib/logging/middleware.ts:69:24)\n' +
    '    at async D:\\NEW CRM\\crm\\node_modules\\next\\dist\\compiled\\next-server\\app-route.runtime.dev.js:1:66877',
  level: 'error',
  message: 'Get workspaces failed after 316ms',
  timestamp: '2025-09-08T14:09:02.045Z'
}
{
  service: 'crm-api',
  environment: 'development',
  version: '0.1.0',
  error: "Cannot read properties of null (reading '_id')",
  stack: "TypeError: Cannot read properties of null (reading '_id')\n" +
    '    at eval (webpack-internal:///(rsc)/./app/api/workspaces/route.ts:180:44)\n' +
    '    at Array.map (<anonymous>)\n' +
    '    at eval (webpack-internal:///(rsc)/./app/api/workspaces/route.ts:179:40)\n' +
    '    at process.processTicksAndRejections (node:internal/process/task_queues:105:5)\n' +
    '    at async eval (webpack-internal:///(rsc)/./lib/logging/middleware.ts:69:24)\n' +
    '    at async D:\\NEW CRM\\crm\\node_modules\\next\\dist\\compiled\\next-server\\app-route.runtime.dev.js:1:66877',
  level: 'error',
  message: 'Get workspaces failed after 351ms',
  timestamp: '2025-09-08T14:09:08.922Z'
}
{
  service: 'crm-api',
  environment: 'development',
  version: '0.1.0',
  error: "Cannot read properties of null (reading '_id')",
  stack: "TypeError: Cannot read properties of null (reading '_id')\n" +
    '    at eval (webpack-internal:///(rsc)/./app/api/workspaces/route.ts:180:44)\n' +
    '    at Array.map (<anonymous>)\n' +
    '    at eval (webpack-internal:///(rsc)/./app/api/workspaces/route.ts:179:40)\n' +
    '    at process.processTicksAndRejections (node:internal/process/task_queues:105:5)\n' +
    '    at async eval (webpack-internal:///(rsc)/./lib/logging/middleware.ts:69:24)\n' +
    '    at async D:\\NEW CRM\\crm\\node_modules\\next\\dist\\compiled\\next-server\\app-route.runtime.dev.js:1:66877',
  level: 'error',
  message: 'Get workspaces failed after 436ms',
  timestamp: '2025-09-08T14:09:09.389Z'
}
{
  service: 'crm-api',
  environment: 'development',
  version: '0.1.0',
  error: "Cannot read properties of null (reading 'name')",
  stack: "TypeError: Cannot read properties of null (reading 'name')\n" +
    '    at eval (webpack-internal:///(rsc)/./app/api/workspaces/route.ts:287:100)\n' +
    '    at Array.some (<anonymous>)\n' +
    '    at eval (webpack-internal:///(rsc)/./app/api/workspaces/route.ts:287:58)\n' +
    '    at process.processTicksAndRejections (node:internal/process/task_queues:105:5)\n' +
    '    at async eval (webpack-internal:///(rsc)/./lib/logging/middleware.ts:69:24)\n' +
    '    at async D:\\NEW CRM\\crm\\node_modules\\next\\dist\\compiled\\next-server\\app-route.runtime.dev.js:1:66877',
  level: 'error',
  message: 'Create workspace failed after 348ms',
  timestamp: '2025-09-08T14:09:19.109Z'
}
{
  service: 'crm-api',
  environment: 'development',
  version: '0.1.0',
  error: "Cannot read properties of null (reading 'name')",
  stack: "TypeError: Cannot read properties of null (reading 'name')\n" +
    '    at eval (webpack-internal:///(rsc)/./app/api/workspaces/route.ts:287:100)\n' +
    '    at Array.some (<anonymous>)\n' +
    '    at eval (webpack-internal:///(rsc)/./app/api/workspaces/route.ts:287:58)\n' +
    '    at process.processTicksAndRejections (node:internal/process/task_queues:105:5)\n' +
    '    at async eval (webpack-internal:///(rsc)/./lib/logging/middleware.ts:69:24)\n' +
    '    at async D:\\NEW CRM\\crm\\node_modules\\next\\dist\\compiled\\next-server\\app-route.runtime.dev.js:1:66877',
  level: 'error',
  message: 'Create workspace failed after 477ms',
  timestamp: '2025-09-08T14:09:32.762Z'
}
{
  service: 'crm-api',
  environment: 'development',
  version: '0.1.0',
  error: "Cannot read properties of null (reading 'name')",
  stack: "TypeError: Cannot read properties of null (reading 'name')\n" +
    '    at eval (webpack-internal:///(rsc)/./app/api/workspaces/route.ts:287:100)\n' +
    '    at Array.some (<anonymous>)\n' +
    '    at eval (webpack-internal:///(rsc)/./app/api/workspaces/route.ts:287:58)\n' +
    '    at process.processTicksAndRejections (node:internal/process/task_queues:105:5)\n' +
    '    at async eval (webpack-internal:///(rsc)/./lib/logging/middleware.ts:69:24)\n' +
    '    at async D:\\NEW CRM\\crm\\node_modules\\next\\dist\\compiled\\next-server\\app-route.runtime.dev.js:1:66877',
  level: 'error',
  message: 'Create workspace failed after 377ms',
  timestamp: '2025-09-08T14:09:38.924Z'
}
{
  service: 'crm-api',
  environment: 'development',
  version: '0.1.0',
  error: "Cannot read properties of null (reading '_id')",
  stack: "TypeError: Cannot read properties of null (reading '_id')\n" +
    '    at eval (webpack-internal:///(rsc)/./app/api/workspaces/route.ts:180:44)\n' +
    '    at Array.map (<anonymous>)\n' +
    '    at eval (webpack-internal:///(rsc)/./app/api/workspaces/route.ts:179:40)\n' +
    '    at process.processTicksAndRejections (node:internal/process/task_queues:105:5)\n' +
    '    at async eval (webpack-internal:///(rsc)/./lib/logging/middleware.ts:69:24)\n' +
    '    at async D:\\NEW CRM\\crm\\node_modules\\next\\dist\\compiled\\next-server\\app-route.runtime.dev.js:1:66877',
  level: 'error',
  message: 'Get workspaces failed after 656ms',
  timestamp: '2025-09-08T14:12:14.753Z'
}
{
  service: 'crm-api',
  environment: 'development',
  version: '0.1.0',
  error: "Cannot read properties of null (reading '_id')",
  stack: "TypeError: Cannot read properties of null (reading '_id')\n" +
    '    at eval (webpack-internal:///(rsc)/./app/api/workspaces/route.ts:180:44)\n' +
    '    at Array.map (<anonymous>)\n' +
    '    at eval (webpack-internal:///(rsc)/./app/api/workspaces/route.ts:179:40)\n' +
    '    at process.processTicksAndRejections (node:internal/process/task_queues:105:5)\n' +
    '    at async eval (webpack-internal:///(rsc)/./lib/logging/middleware.ts:69:24)\n' +
    '    at async D:\\NEW CRM\\crm\\node_modules\\next\\dist\\compiled\\next-server\\app-route.runtime.dev.js:1:66877',
  level: 'error',
  message: 'Get workspaces failed after 531ms',
  timestamp: '2025-09-08T14:12:15.438Z'
}
{
  service: 'crm-api',
  environment: 'development',
  version: '0.1.0',
  error: "Cannot read properties of null (reading '_id')",
  stack: "TypeError: Cannot read properties of null (reading '_id')\n" +
    '    at eval (webpack-internal:///(rsc)/./app/api/workspaces/route.ts:180:44)\n' +
    '    at Array.map (<anonymous>)\n' +
    '    at eval (webpack-internal:///(rsc)/./app/api/workspaces/route.ts:179:40)\n' +
    '    at process.processTicksAndRejections (node:internal/process/task_queues:105:5)\n' +
    '    at async eval (webpack-internal:///(rsc)/./lib/logging/middleware.ts:69:24)\n' +
    '    at async D:\\NEW CRM\\crm\\node_modules\\next\\dist\\compiled\\next-server\\app-route.runtime.dev.js:1:66877',
  level: 'error',
  message: 'Get workspaces failed after 418ms',
  timestamp: '2025-09-08T14:12:21.041Z'
}
{
  service: 'crm-api',
  environment: 'development',
  version: '0.1.0',
  error: "Cannot read properties of null (reading '_id')",
  stack: "TypeError: Cannot read properties of null (reading '_id')\n" +
    '    at eval (webpack-internal:///(rsc)/./app/api/workspaces/route.ts:180:44)\n' +
    '    at Array.map (<anonymous>)\n' +
    '    at eval (webpack-internal:///(rsc)/./app/api/workspaces/route.ts:179:40)\n' +
    '    at process.processTicksAndRejections (node:internal/process/task_queues:105:5)\n' +
    '    at async eval (webpack-internal:///(rsc)/./lib/logging/middleware.ts:69:24)\n' +
    '    at async D:\\NEW CRM\\crm\\node_modules\\next\\dist\\compiled\\next-server\\app-route.runtime.dev.js:1:66877',
  level: 'error',
  message: 'Get workspaces failed after 505ms',
  timestamp: '2025-09-08T14:12:21.585Z'
}
{
  service: 'crm-api',
  environment: 'development',
  version: '0.1.0',
  error: "Cannot read properties of null (reading '_id')",
  stack: "TypeError: Cannot read properties of null (reading '_id')\n" +
    '    at eval (webpack-internal:///(rsc)/./app/api/workspaces/route.ts:180:44)\n' +
    '    at Array.map (<anonymous>)\n' +
    '    at eval (webpack-internal:///(rsc)/./app/api/workspaces/route.ts:179:40)\n' +
    '    at process.processTicksAndRejections (node:internal/process/task_queues:105:5)\n' +
    '    at async eval (webpack-internal:///(rsc)/./lib/logging/middleware.ts:69:24)\n' +
    '    at async D:\\NEW CRM\\crm\\node_modules\\next\\dist\\compiled\\next-server\\app-route.runtime.dev.js:1:66877',
  level: 'error',
  message: 'Get workspaces failed after 569ms',
  timestamp: '2025-09-08T14:12:31.294Z'
}
{
  service: 'crm-api',
  environment: 'development',
  version: '0.1.0',
  error: "Cannot read properties of null (reading '_id')",
  stack: "TypeError: Cannot read properties of null (reading '_id')\n" +
    '    at eval (webpack-internal:///(rsc)/./app/api/workspaces/route.ts:180:44)\n' +
    '    at Array.map (<anonymous>)\n' +
    '    at eval (webpack-internal:///(rsc)/./app/api/workspaces/route.ts:179:40)\n' +
    '    at process.processTicksAndRejections (node:internal/process/task_queues:105:5)\n' +
    '    at async eval (webpack-internal:///(rsc)/./lib/logging/middleware.ts:69:24)\n' +
    '    at async D:\\NEW CRM\\crm\\node_modules\\next\\dist\\compiled\\next-server\\app-route.runtime.dev.js:1:66877',
  level: 'error',
  message: 'Get workspaces failed after 550ms',
  timestamp: '2025-09-08T14:12:31.919Z'
}
{
  service: 'crm-api',
  environment: 'development',
  version: '0.1.0',
  stringValue: '"contacted"',
  messageFormat: undefined,
  kind: 'ObjectId',
  value: 'contacted',
  path: '_id',
  reason: BSONError: input must be a 24 character hex string, 12 byte Uint8Array, or an integer
      at new ObjectId (D:\NEW CRM\crm\node_modules\bson\lib\bson.cjs:2538:23)
      at castObjectId (D:\NEW CRM\crm\node_modules\mongoose\lib\cast\objectid.js:25:12)
      at SchemaObjectId.cast (D:\NEW CRM\crm\node_modules\mongoose\lib\schema\objectId.js:249:12)
      at SchemaType.applySetters (D:\NEW CRM\crm\node_modules\mongoose\lib\schemaType.js:1258:12)
      at SchemaType.castForQuery (D:\NEW CRM\crm\node_modules\mongoose\lib\schemaType.js:1694:17)
      at D:\NEW CRM\crm\node_modules\mongoose\lib\schemaType.js:1649:18
      at Array.map (<anonymous>)
      at SchemaObjectId.handle$in (D:\NEW CRM\crm\node_modules\mongoose\lib\schemaType.js:1645:14)
      at SchemaType.castForQuery (D:\NEW CRM\crm\node_modules\mongoose\lib\schemaType.js:1690:20)
      at cast (D:\NEW CRM\crm\node_modules\mongoose\lib\cast.js:367:39)
      at Query.cast (D:\NEW CRM\crm\node_modules\mongoose\lib\query.js:5060:12)
      at Query._castConditions (D:\NEW CRM\crm\node_modules\mongoose\lib\query.js:2374:10)
      at model.Query._find (D:\NEW CRM\crm\node_modules\mongoose\lib\query.js:2401:8)
      at model.Query.exec (D:\NEW CRM\crm\node_modules\mongoose\lib\query.js:4627:80)
      at process.processTicksAndRejections (node:internal/process/task_queues:105:5)
      at async Promise.all (index 0)
      at async _populatePath (D:\NEW CRM\crm\node_modules\mongoose\lib\model.js:4569:5)
      at async Promise.all (index 1)
      at async model.populate (D:\NEW CRM\crm\node_modules\mongoose\lib\model.js:4435:5),
  valueType: 'string',
  level: 'error',
  message: 'Create lead error: Cast to ObjectId failed for value "contacted" (type string) at path "_id" for model "LeadStatus"',
  stack: 'CastError: Cast to ObjectId failed for value "contacted" (type string) at path "_id" for model "LeadStatus"\n' +
    '    at SchemaObjectId.cast (D:\\NEW CRM\\crm\\node_modules\\mongoose\\lib\\schema\\objectId.js:251:11)\n' +
    '    at SchemaType.applySetters (D:\\NEW CRM\\crm\\node_modules\\mongoose\\lib\\schemaType.js:1258:12)\n' +
    '    at SchemaType.castForQuery (D:\\NEW CRM\\crm\\node_modules\\mongoose\\lib\\schemaType.js:1694:17)\n' +
    '    at D:\\NEW CRM\\crm\\node_modules\\mongoose\\lib\\schemaType.js:1649:18\n' +
    '    at Array.map (<anonymous>)\n' +
    '    at SchemaObjectId.handle$in (D:\\NEW CRM\\crm\\node_modules\\mongoose\\lib\\schemaType.js:1645:14)\n' +
    '    at SchemaType.castForQuery (D:\\NEW CRM\\crm\\node_modules\\mongoose\\lib\\schemaType.js:1690:20)\n' +
    '    at cast (D:\\NEW CRM\\crm\\node_modules\\mongoose\\lib\\cast.js:367:39)\n' +
    '    at Query.cast (D:\\NEW CRM\\crm\\node_modules\\mongoose\\lib\\query.js:5060:12)\n' +
    '    at Query._castConditions (D:\\NEW CRM\\crm\\node_modules\\mongoose\\lib\\query.js:2374:10)\n' +
    '    at model.Query._find (D:\\NEW CRM\\crm\\node_modules\\mongoose\\lib\\query.js:2401:8)\n' +
    '    at model.Query.exec (D:\\NEW CRM\\crm\\node_modules\\mongoose\\lib\\query.js:4627:80)\n' +
    '    at process.processTicksAndRejections (node:internal/process/task_queues:105:5)\n' +
    '    at async Promise.all (index 0)\n' +
    '    at async _populatePath (D:\\NEW CRM\\crm\\node_modules\\mongoose\\lib\\model.js:4569:5)\n' +
    '    at async Promise.all (index 1)\n' +
    '    at async model.populate (D:\\NEW CRM\\crm\\node_modules\\mongoose\\lib\\model.js:4435:5)',
  timestamp: '2025-09-08T14:24:06.072Z'
}
