{
  error: TypeError [ERR_INVALID_ARG_TYPE]: The "code" argument must be of type number. Received type string ('SIGINT')
      at process.set [as exitCode] (node:internal/bootstrap/node:119:9)
      at process.exit (node:internal/process/per_thread:231:24)
      at process.cleanup (D:\NEW CRM\crm\node_modules\next\dist\server\lib\start-server.js:208:29)
      at process.emit (node:events:519:35) {
    code: 'ERR_INVALID_ARG_TYPE'
  },
  level: 'error',
  message: `uncaughtException: The "code" argument must be of type number. Received type string ('SIGINT')\n` +
    `TypeError [ERR_INVALID_ARG_TYPE]: The "code" argument must be of type number. Received type string ('SIGINT')\n` +
    '    at process.set [as exitCode] (node:internal/bootstrap/node:119:9)\n' +
    '    at process.exit (node:internal/process/per_thread:231:24)\n' +
    '    at process.cleanup (D:\\NEW CRM\\crm\\node_modules\\next\\dist\\server\\lib\\start-server.js:208:29)\n' +
    '    at process.emit (node:events:519:35)',
  stack: `TypeError [ERR_INVALID_ARG_TYPE]: The "code" argument must be of type number. Received type string ('SIGINT')\n` +
    '    at process.set [as exitCode] (node:internal/bootstrap/node:119:9)\n' +
    '    at process.exit (node:internal/process/per_thread:231:24)\n' +
    '    at process.cleanup (D:\\NEW CRM\\crm\\node_modules\\next\\dist\\server\\lib\\start-server.js:208:29)\n' +
    '    at process.emit (node:events:519:35)',
  exception: true,
  date: 'Mon Sep 15 2025 01:10:13 GMT+0530 (India Standard Time)',
  process: {
    pid: 4040,
    uid: null,
    gid: null,
    cwd: 'D:\\NEW CRM\\crm',
    execPath: 'C:\\Program Files\\nodejs\\node.exe',
    version: 'v24.5.0',
    argv: [
      'C:\\Program Files\\nodejs\\node.exe',
      'D:\\NEW CRM\\crm\\node_modules\\next\\dist\\server\\lib\\start-server.js'
    ],
    memoryUsage: {
      rss: 359477248,
      heapTotal: 464924672,
      heapUsed: 398252256,
      external: 538045910,
      arrayBuffers: 522855578
    }
  },
  os: { loadavg: [ 0, 0, 0 ], uptime: 87029.968 },
  trace: [
    {
      column: 9,
      file: 'node:internal/bootstrap/node',
      function: 'process.set [as exitCode]',
      line: 119,
      method: 'set [as exitCode]',
      native: false
    },
    {
      column: 24,
      file: 'node:internal/process/per_thread',
      function: 'process.exit',
      line: 231,
      method: 'exit',
      native: false
    },
    {
      column: 29,
      file: 'D:\\NEW CRM\\crm\\node_modules\\next\\dist\\server\\lib\\start-server.js',
      function: 'process.cleanup',
      line: 208,
      method: 'cleanup',
      native: false
    },
    {
      column: 35,
      file: 'node:events',
      function: 'process.emit',
      line: 519,
      method: 'emit',
      native: false
    }
  ],
  service: 'crm-api',
  environment: 'development',
  version: '0.1.0',
  timestamp: '2025-09-14T19:40:13.208Z'
}
{
  error: TypeError [ERR_INVALID_ARG_TYPE]: The "code" argument must be of type number. Received type string ('SIGINT')
      at process.set [as exitCode] (node:internal/bootstrap/node:119:9)
      at process.exit (node:internal/process/per_thread:231:24)
      at process.cleanup (D:\NEW CRM\crm\node_modules\next\dist\server\lib\start-server.js:208:29)
      at process.emit (node:events:519:35) {
    code: 'ERR_INVALID_ARG_TYPE'
  },
  level: 'error',
  message: `uncaughtException: The "code" argument must be of type number. Received type string ('SIGINT')\n` +
    `TypeError [ERR_INVALID_ARG_TYPE]: The "code" argument must be of type number. Received type string ('SIGINT')\n` +
    '    at process.set [as exitCode] (node:internal/bootstrap/node:119:9)\n' +
    '    at process.exit (node:internal/process/per_thread:231:24)\n' +
    '    at process.cleanup (D:\\NEW CRM\\crm\\node_modules\\next\\dist\\server\\lib\\start-server.js:208:29)\n' +
    '    at process.emit (node:events:519:35)',
  stack: `TypeError [ERR_INVALID_ARG_TYPE]: The "code" argument must be of type number. Received type string ('SIGINT')\n` +
    '    at process.set [as exitCode] (node:internal/bootstrap/node:119:9)\n' +
    '    at process.exit (node:internal/process/per_thread:231:24)\n' +
    '    at process.cleanup (D:\\NEW CRM\\crm\\node_modules\\next\\dist\\server\\lib\\start-server.js:208:29)\n' +
    '    at process.emit (node:events:519:35)',
  exception: true,
  date: 'Mon Sep 15 2025 01:10:13 GMT+0530 (India Standard Time)',
  process: {
    pid: 4040,
    uid: null,
    gid: null,
    cwd: 'D:\\NEW CRM\\crm',
    execPath: 'C:\\Program Files\\nodejs\\node.exe',
    version: 'v24.5.0',
    argv: [
      'C:\\Program Files\\nodejs\\node.exe',
      'D:\\NEW CRM\\crm\\node_modules\\next\\dist\\server\\lib\\start-server.js'
    ],
    memoryUsage: {
      rss: 359763968,
      heapTotal: 465186816,
      heapUsed: 398388840,
      external: 538054166,
      arrayBuffers: 522863794
    }
  },
  os: { loadavg: [ 0, 0, 0 ], uptime: 87029.968 },
  trace: [
    {
      column: 9,
      file: 'node:internal/bootstrap/node',
      function: 'process.set [as exitCode]',
      line: 119,
      method: 'set [as exitCode]',
      native: false
    },
    {
      column: 24,
      file: 'node:internal/process/per_thread',
      function: 'process.exit',
      line: 231,
      method: 'exit',
      native: false
    },
    {
      column: 29,
      file: 'D:\\NEW CRM\\crm\\node_modules\\next\\dist\\server\\lib\\start-server.js',
      function: 'process.cleanup',
      line: 208,
      method: 'cleanup',
      native: false
    },
    {
      column: 35,
      file: 'node:events',
      function: 'process.emit',
      line: 519,
      method: 'emit',
      native: false
    }
  ],
  service: 'crm-api',
  environment: 'development',
  version: '0.1.0',
  timestamp: '2025-09-14T19:40:13.214Z'
}
{
  error: TypeError [ERR_INVALID_ARG_TYPE]: The "code" argument must be of type number. Received type string ('SIGINT')
      at process.set [as exitCode] (node:internal/bootstrap/node:119:9)
      at process.exit (node:internal/process/per_thread:231:24)
      at process.cleanup (D:\NEW CRM\crm\node_modules\next\dist\server\lib\start-server.js:208:29)
      at process.emit (node:events:519:35) {
    code: 'ERR_INVALID_ARG_TYPE'
  },
  level: 'error',
  message: `uncaughtException: The "code" argument must be of type number. Received type string ('SIGINT')\n` +
    `TypeError [ERR_INVALID_ARG_TYPE]: The "code" argument must be of type number. Received type string ('SIGINT')\n` +
    '    at process.set [as exitCode] (node:internal/bootstrap/node:119:9)\n' +
    '    at process.exit (node:internal/process/per_thread:231:24)\n' +
    '    at process.cleanup (D:\\NEW CRM\\crm\\node_modules\\next\\dist\\server\\lib\\start-server.js:208:29)\n' +
    '    at process.emit (node:events:519:35)',
  stack: `TypeError [ERR_INVALID_ARG_TYPE]: The "code" argument must be of type number. Received type string ('SIGINT')\n` +
    '    at process.set [as exitCode] (node:internal/bootstrap/node:119:9)\n' +
    '    at process.exit (node:internal/process/per_thread:231:24)\n' +
    '    at process.cleanup (D:\\NEW CRM\\crm\\node_modules\\next\\dist\\server\\lib\\start-server.js:208:29)\n' +
    '    at process.emit (node:events:519:35)',
  exception: true,
  date: 'Mon Sep 15 2025 01:10:13 GMT+0530 (India Standard Time)',
  process: {
    pid: 4040,
    uid: null,
    gid: null,
    cwd: 'D:\\NEW CRM\\crm',
    execPath: 'C:\\Program Files\\nodejs\\node.exe',
    version: 'v24.5.0',
    argv: [
      'C:\\Program Files\\nodejs\\node.exe',
      'D:\\NEW CRM\\crm\\node_modules\\next\\dist\\server\\lib\\start-server.js'
    ],
    memoryUsage: {
      rss: 359882752,
      heapTotal: 465186816,
      heapUsed: 398499096,
      external: 538054166,
      arrayBuffers: 522863794
    }
  },
  os: { loadavg: [ 0, 0, 0 ], uptime: 87029.968 },
  trace: [
    {
      column: 9,
      file: 'node:internal/bootstrap/node',
      function: 'process.set [as exitCode]',
      line: 119,
      method: 'set [as exitCode]',
      native: false
    },
    {
      column: 24,
      file: 'node:internal/process/per_thread',
      function: 'process.exit',
      line: 231,
      method: 'exit',
      native: false
    },
    {
      column: 29,
      file: 'D:\\NEW CRM\\crm\\node_modules\\next\\dist\\server\\lib\\start-server.js',
      function: 'process.cleanup',
      line: 208,
      method: 'cleanup',
      native: false
    },
    {
      column: 35,
      file: 'node:events',
      function: 'process.emit',
      line: 519,
      method: 'emit',
      native: false
    }
  ],
  service: 'crm-api',
  environment: 'development',
  version: '0.1.0',
  timestamp: '2025-09-14T19:40:13.215Z'
}
{
  error: TypeError [ERR_INVALID_ARG_TYPE]: The "code" argument must be of type number. Received type string ('SIGINT')
      at process.set [as exitCode] (node:internal/bootstrap/node:119:9)
      at process.exit (node:internal/process/per_thread:231:24)
      at process.cleanup (D:\NEW CRM\crm\node_modules\next\dist\server\lib\start-server.js:208:29)
      at process.emit (node:events:519:35) {
    code: 'ERR_INVALID_ARG_TYPE'
  },
  level: 'error',
  message: `uncaughtException: The "code" argument must be of type number. Received type string ('SIGINT')\n` +
    `TypeError [ERR_INVALID_ARG_TYPE]: The "code" argument must be of type number. Received type string ('SIGINT')\n` +
    '    at process.set [as exitCode] (node:internal/bootstrap/node:119:9)\n' +
    '    at process.exit (node:internal/process/per_thread:231:24)\n' +
    '    at process.cleanup (D:\\NEW CRM\\crm\\node_modules\\next\\dist\\server\\lib\\start-server.js:208:29)\n' +
    '    at process.emit (node:events:519:35)',
  stack: `TypeError [ERR_INVALID_ARG_TYPE]: The "code" argument must be of type number. Received type string ('SIGINT')\n` +
    '    at process.set [as exitCode] (node:internal/bootstrap/node:119:9)\n' +
    '    at process.exit (node:internal/process/per_thread:231:24)\n' +
    '    at process.cleanup (D:\\NEW CRM\\crm\\node_modules\\next\\dist\\server\\lib\\start-server.js:208:29)\n' +
    '    at process.emit (node:events:519:35)',
  exception: true,
  date: 'Mon Sep 15 2025 01:10:13 GMT+0530 (India Standard Time)',
  process: {
    pid: 4040,
    uid: null,
    gid: null,
    cwd: 'D:\\NEW CRM\\crm',
    execPath: 'C:\\Program Files\\nodejs\\node.exe',
    version: 'v24.5.0',
    argv: [
      'C:\\Program Files\\nodejs\\node.exe',
      'D:\\NEW CRM\\crm\\node_modules\\next\\dist\\server\\lib\\start-server.js'
    ],
    memoryUsage: {
      rss: 359972864,
      heapTotal: 465186816,
      heapUsed: 398580048,
      external: 538062358,
      arrayBuffers: 522871986
    }
  },
  os: { loadavg: [ 0, 0, 0 ], uptime: 87029.968 },
  trace: [
    {
      column: 9,
      file: 'node:internal/bootstrap/node',
      function: 'process.set [as exitCode]',
      line: 119,
      method: 'set [as exitCode]',
      native: false
    },
    {
      column: 24,
      file: 'node:internal/process/per_thread',
      function: 'process.exit',
      line: 231,
      method: 'exit',
      native: false
    },
    {
      column: 29,
      file: 'D:\\NEW CRM\\crm\\node_modules\\next\\dist\\server\\lib\\start-server.js',
      function: 'process.cleanup',
      line: 208,
      method: 'cleanup',
      native: false
    },
    {
      column: 35,
      file: 'node:events',
      function: 'process.emit',
      line: 519,
      method: 'emit',
      native: false
    }
  ],
  service: 'crm-api',
  environment: 'development',
  version: '0.1.0',
  timestamp: '2025-09-14T19:40:13.216Z'
}
{
  error: TypeError [ERR_INVALID_ARG_TYPE]: The "code" argument must be of type number. Received type string ('SIGINT')
      at process.set [as exitCode] (node:internal/bootstrap/node:119:9)
      at process.exit (node:internal/process/per_thread:231:24)
      at process.cleanup (D:\NEW CRM\crm\node_modules\next\dist\server\lib\start-server.js:208:29)
      at process.emit (node:events:519:35) {
    code: 'ERR_INVALID_ARG_TYPE'
  },
  level: 'error',
  message: `uncaughtException: The "code" argument must be of type number. Received type string ('SIGINT')\n` +
    `TypeError [ERR_INVALID_ARG_TYPE]: The "code" argument must be of type number. Received type string ('SIGINT')\n` +
    '    at process.set [as exitCode] (node:internal/bootstrap/node:119:9)\n' +
    '    at process.exit (node:internal/process/per_thread:231:24)\n' +
    '    at process.cleanup (D:\\NEW CRM\\crm\\node_modules\\next\\dist\\server\\lib\\start-server.js:208:29)\n' +
    '    at process.emit (node:events:519:35)',
  stack: `TypeError [ERR_INVALID_ARG_TYPE]: The "code" argument must be of type number. Received type string ('SIGINT')\n` +
    '    at process.set [as exitCode] (node:internal/bootstrap/node:119:9)\n' +
    '    at process.exit (node:internal/process/per_thread:231:24)\n' +
    '    at process.cleanup (D:\\NEW CRM\\crm\\node_modules\\next\\dist\\server\\lib\\start-server.js:208:29)\n' +
    '    at process.emit (node:events:519:35)',
  exception: true,
  date: 'Mon Sep 15 2025 01:37:51 GMT+0530 (India Standard Time)',
  process: {
    pid: 27440,
    uid: null,
    gid: null,
    cwd: 'D:\\NEW CRM\\crm',
    execPath: 'C:\\Program Files\\nodejs\\node.exe',
    version: 'v24.5.0',
    argv: [
      'C:\\Program Files\\nodejs\\node.exe',
      'D:\\NEW CRM\\crm\\node_modules\\next\\dist\\server\\lib\\start-server.js'
    ],
    memoryUsage: {
      rss: 355909632,
      heapTotal: 616288256,
      heapUsed: 556045896,
      external: 551125411,
      arrayBuffers: 535935079
    }
  },
  os: { loadavg: [ 0, 0, 0 ], uptime: 88688.515 },
  trace: [
    {
      column: 9,
      file: 'node:internal/bootstrap/node',
      function: 'process.set [as exitCode]',
      line: 119,
      method: 'set [as exitCode]',
      native: false
    },
    {
      column: 24,
      file: 'node:internal/process/per_thread',
      function: 'process.exit',
      line: 231,
      method: 'exit',
      native: false
    },
    {
      column: 29,
      file: 'D:\\NEW CRM\\crm\\node_modules\\next\\dist\\server\\lib\\start-server.js',
      function: 'process.cleanup',
      line: 208,
      method: 'cleanup',
      native: false
    },
    {
      column: 35,
      file: 'node:events',
      function: 'process.emit',
      line: 519,
      method: 'emit',
      native: false
    }
  ],
  service: 'crm-api',
  environment: 'development',
  version: '0.1.0',
  timestamp: '2025-09-14T20:07:51.752Z'
}
{
  error: TypeError [ERR_INVALID_ARG_TYPE]: The "code" argument must be of type number. Received type string ('SIGINT')
      at process.set [as exitCode] (node:internal/bootstrap/node:119:9)
      at process.exit (node:internal/process/per_thread:231:24)
      at process.cleanup (D:\NEW CRM\crm\node_modules\next\dist\server\lib\start-server.js:208:29)
      at process.emit (node:events:519:35) {
    code: 'ERR_INVALID_ARG_TYPE'
  },
  level: 'error',
  message: `uncaughtException: The "code" argument must be of type number. Received type string ('SIGINT')\n` +
    `TypeError [ERR_INVALID_ARG_TYPE]: The "code" argument must be of type number. Received type string ('SIGINT')\n` +
    '    at process.set [as exitCode] (node:internal/bootstrap/node:119:9)\n' +
    '    at process.exit (node:internal/process/per_thread:231:24)\n' +
    '    at process.cleanup (D:\\NEW CRM\\crm\\node_modules\\next\\dist\\server\\lib\\start-server.js:208:29)\n' +
    '    at process.emit (node:events:519:35)',
  stack: `TypeError [ERR_INVALID_ARG_TYPE]: The "code" argument must be of type number. Received type string ('SIGINT')\n` +
    '    at process.set [as exitCode] (node:internal/bootstrap/node:119:9)\n' +
    '    at process.exit (node:internal/process/per_thread:231:24)\n' +
    '    at process.cleanup (D:\\NEW CRM\\crm\\node_modules\\next\\dist\\server\\lib\\start-server.js:208:29)\n' +
    '    at process.emit (node:events:519:35)',
  exception: true,
  date: 'Mon Sep 15 2025 02:02:55 GMT+0530 (India Standard Time)',
  process: {
    pid: 5376,
    uid: null,
    gid: null,
    cwd: 'D:\\NEW CRM\\crm',
    execPath: 'C:\\Program Files\\nodejs\\node.exe',
    version: 'v24.5.0',
    argv: [
      'C:\\Program Files\\nodejs\\node.exe',
      'D:\\NEW CRM\\crm\\node_modules\\next\\dist\\server\\lib\\start-server.js'
    ],
    memoryUsage: {
      rss: 502607872,
      heapTotal: 622202880,
      heapUsed: 519391104,
      external: 657853933,
      arrayBuffers: 645522401
    }
  },
  os: { loadavg: [ 0, 0, 0 ], uptime: 90192.75 },
  trace: [
    {
      column: 9,
      file: 'node:internal/bootstrap/node',
      function: 'process.set [as exitCode]',
      line: 119,
      method: 'set [as exitCode]',
      native: false
    },
    {
      column: 24,
      file: 'node:internal/process/per_thread',
      function: 'process.exit',
      line: 231,
      method: 'exit',
      native: false
    },
    {
      column: 29,
      file: 'D:\\NEW CRM\\crm\\node_modules\\next\\dist\\server\\lib\\start-server.js',
      function: 'process.cleanup',
      line: 208,
      method: 'cleanup',
      native: false
    },
    {
      column: 35,
      file: 'node:events',
      function: 'process.emit',
      line: 519,
      method: 'emit',
      native: false
    }
  ],
  service: 'crm-api',
  environment: 'development',
  version: '0.1.0',
  timestamp: '2025-09-14T20:32:55.996Z'
}
{
  error: TypeError [ERR_INVALID_ARG_TYPE]: The "code" argument must be of type number. Received type string ('SIGINT')
      at process.set [as exitCode] (node:internal/bootstrap/node:119:9)
      at process.exit (node:internal/process/per_thread:231:24)
      at process.cleanup (D:\NEW CRM\crm\node_modules\next\dist\server\lib\start-server.js:208:29)
      at process.emit (node:events:519:35) {
    code: 'ERR_INVALID_ARG_TYPE'
  },
  level: 'error',
  message: `uncaughtException: The "code" argument must be of type number. Received type string ('SIGINT')\n` +
    `TypeError [ERR_INVALID_ARG_TYPE]: The "code" argument must be of type number. Received type string ('SIGINT')\n` +
    '    at process.set [as exitCode] (node:internal/bootstrap/node:119:9)\n' +
    '    at process.exit (node:internal/process/per_thread:231:24)\n' +
    '    at process.cleanup (D:\\NEW CRM\\crm\\node_modules\\next\\dist\\server\\lib\\start-server.js:208:29)\n' +
    '    at process.emit (node:events:519:35)',
  stack: `TypeError [ERR_INVALID_ARG_TYPE]: The "code" argument must be of type number. Received type string ('SIGINT')\n` +
    '    at process.set [as exitCode] (node:internal/bootstrap/node:119:9)\n' +
    '    at process.exit (node:internal/process/per_thread:231:24)\n' +
    '    at process.cleanup (D:\\NEW CRM\\crm\\node_modules\\next\\dist\\server\\lib\\start-server.js:208:29)\n' +
    '    at process.emit (node:events:519:35)',
  exception: true,
  date: 'Mon Sep 15 2025 02:02:55 GMT+0530 (India Standard Time)',
  process: {
    pid: 5376,
    uid: null,
    gid: null,
    cwd: 'D:\\NEW CRM\\crm',
    execPath: 'C:\\Program Files\\nodejs\\node.exe',
    version: 'v24.5.0',
    argv: [
      'C:\\Program Files\\nodejs\\node.exe',
      'D:\\NEW CRM\\crm\\node_modules\\next\\dist\\server\\lib\\start-server.js'
    ],
    memoryUsage: {
      rss: 503214080,
      heapTotal: 622465024,
      heapUsed: 519516312,
      external: 657853997,
      arrayBuffers: 645522425
    }
  },
  os: { loadavg: [ 0, 0, 0 ], uptime: 90192.765 },
  trace: [
    {
      column: 9,
      file: 'node:internal/bootstrap/node',
      function: 'process.set [as exitCode]',
      line: 119,
      method: 'set [as exitCode]',
      native: false
    },
    {
      column: 24,
      file: 'node:internal/process/per_thread',
      function: 'process.exit',
      line: 231,
      method: 'exit',
      native: false
    },
    {
      column: 29,
      file: 'D:\\NEW CRM\\crm\\node_modules\\next\\dist\\server\\lib\\start-server.js',
      function: 'process.cleanup',
      line: 208,
      method: 'cleanup',
      native: false
    },
    {
      column: 35,
      file: 'node:events',
      function: 'process.emit',
      line: 519,
      method: 'emit',
      native: false
    }
  ],
  service: 'crm-api',
  environment: 'development',
  version: '0.1.0',
  timestamp: '2025-09-14T20:32:55.999Z'
}
{
  error: TypeError [ERR_INVALID_ARG_TYPE]: The "code" argument must be of type number. Received type string ('SIGINT')
      at process.set [as exitCode] (node:internal/bootstrap/node:119:9)
      at process.exit (node:internal/process/per_thread:231:24)
      at process.cleanup (D:\NEW CRM\crm\node_modules\next\dist\server\lib\start-server.js:208:29)
      at process.emit (node:events:519:35) {
    code: 'ERR_INVALID_ARG_TYPE'
  },
  level: 'error',
  message: `uncaughtException: The "code" argument must be of type number. Received type string ('SIGINT')\n` +
    `TypeError [ERR_INVALID_ARG_TYPE]: The "code" argument must be of type number. Received type string ('SIGINT')\n` +
    '    at process.set [as exitCode] (node:internal/bootstrap/node:119:9)\n' +
    '    at process.exit (node:internal/process/per_thread:231:24)\n' +
    '    at process.cleanup (D:\\NEW CRM\\crm\\node_modules\\next\\dist\\server\\lib\\start-server.js:208:29)\n' +
    '    at process.emit (node:events:519:35)',
  stack: `TypeError [ERR_INVALID_ARG_TYPE]: The "code" argument must be of type number. Received type string ('SIGINT')\n` +
    '    at process.set [as exitCode] (node:internal/bootstrap/node:119:9)\n' +
    '    at process.exit (node:internal/process/per_thread:231:24)\n' +
    '    at process.cleanup (D:\\NEW CRM\\crm\\node_modules\\next\\dist\\server\\lib\\start-server.js:208:29)\n' +
    '    at process.emit (node:events:519:35)',
  exception: true,
  date: 'Mon Sep 15 2025 02:02:56 GMT+0530 (India Standard Time)',
  process: {
    pid: 5376,
    uid: null,
    gid: null,
    cwd: 'D:\\NEW CRM\\crm',
    execPath: 'C:\\Program Files\\nodejs\\node.exe',
    version: 'v24.5.0',
    argv: [
      'C:\\Program Files\\nodejs\\node.exe',
      'D:\\NEW CRM\\crm\\node_modules\\next\\dist\\server\\lib\\start-server.js'
    ],
    memoryUsage: {
      rss: 503652352,
      heapTotal: 622727168,
      heapUsed: 519625232,
      external: 657862189,
      arrayBuffers: 645530617
    }
  },
  os: { loadavg: [ 0, 0, 0 ], uptime: 90192.765 },
  trace: [
    {
      column: 9,
      file: 'node:internal/bootstrap/node',
      function: 'process.set [as exitCode]',
      line: 119,
      method: 'set [as exitCode]',
      native: false
    },
    {
      column: 24,
      file: 'node:internal/process/per_thread',
      function: 'process.exit',
      line: 231,
      method: 'exit',
      native: false
    },
    {
      column: 29,
      file: 'D:\\NEW CRM\\crm\\node_modules\\next\\dist\\server\\lib\\start-server.js',
      function: 'process.cleanup',
      line: 208,
      method: 'cleanup',
      native: false
    },
    {
      column: 35,
      file: 'node:events',
      function: 'process.emit',
      line: 519,
      method: 'emit',
      native: false
    }
  ],
  service: 'crm-api',
  environment: 'development',
  version: '0.1.0',
  timestamp: '2025-09-14T20:32:56.001Z'
}
{
  error: TypeError [ERR_INVALID_ARG_TYPE]: The "code" argument must be of type number. Received type string ('SIGINT')
      at process.set [as exitCode] (node:internal/bootstrap/node:119:9)
      at process.exit (node:internal/process/per_thread:231:24)
      at process.cleanup (D:\NEW CRM\crm\node_modules\next\dist\server\lib\start-server.js:208:29)
      at process.emit (node:events:519:35) {
    code: 'ERR_INVALID_ARG_TYPE'
  },
  level: 'error',
  message: `uncaughtException: The "code" argument must be of type number. Received type string ('SIGINT')\n` +
    `TypeError [ERR_INVALID_ARG_TYPE]: The "code" argument must be of type number. Received type string ('SIGINT')\n` +
    '    at process.set [as exitCode] (node:internal/bootstrap/node:119:9)\n' +
    '    at process.exit (node:internal/process/per_thread:231:24)\n' +
    '    at process.cleanup (D:\\NEW CRM\\crm\\node_modules\\next\\dist\\server\\lib\\start-server.js:208:29)\n' +
    '    at process.emit (node:events:519:35)',
  stack: `TypeError [ERR_INVALID_ARG_TYPE]: The "code" argument must be of type number. Received type string ('SIGINT')\n` +
    '    at process.set [as exitCode] (node:internal/bootstrap/node:119:9)\n' +
    '    at process.exit (node:internal/process/per_thread:231:24)\n' +
    '    at process.cleanup (D:\\NEW CRM\\crm\\node_modules\\next\\dist\\server\\lib\\start-server.js:208:29)\n' +
    '    at process.emit (node:events:519:35)',
  exception: true,
  date: 'Mon Sep 15 2025 02:02:56 GMT+0530 (India Standard Time)',
  process: {
    pid: 5376,
    uid: null,
    gid: null,
    cwd: 'D:\\NEW CRM\\crm',
    execPath: 'C:\\Program Files\\nodejs\\node.exe',
    version: 'v24.5.0',
    argv: [
      'C:\\Program Files\\nodejs\\node.exe',
      'D:\\NEW CRM\\crm\\node_modules\\next\\dist\\server\\lib\\start-server.js'
    ],
    memoryUsage: {
      rss: 503853056,
      heapTotal: 622727168,
      heapUsed: 519719312,
      external: 657862189,
      arrayBuffers: 645530617
    }
  },
  os: { loadavg: [ 0, 0, 0 ], uptime: 90192.765 },
  trace: [
    {
      column: 9,
      file: 'node:internal/bootstrap/node',
      function: 'process.set [as exitCode]',
      line: 119,
      method: 'set [as exitCode]',
      native: false
    },
    {
      column: 24,
      file: 'node:internal/process/per_thread',
      function: 'process.exit',
      line: 231,
      method: 'exit',
      native: false
    },
    {
      column: 29,
      file: 'D:\\NEW CRM\\crm\\node_modules\\next\\dist\\server\\lib\\start-server.js',
      function: 'process.cleanup',
      line: 208,
      method: 'cleanup',
      native: false
    },
    {
      column: 35,
      file: 'node:events',
      function: 'process.emit',
      line: 519,
      method: 'emit',
      native: false
    }
  ],
  service: 'crm-api',
  environment: 'development',
  version: '0.1.0',
  timestamp: '2025-09-14T20:32:56.003Z'
}
{
  error: TypeError [ERR_INVALID_ARG_TYPE]: The "code" argument must be of type number. Received type string ('SIGINT')
      at process.set [as exitCode] (node:internal/bootstrap/node:119:9)
      at process.exit (node:internal/process/per_thread:231:24)
      at process.cleanup (S:\SHIVAY-MRC\SHIVAY\CRM-X-SHIVAY\node_modules\next\dist\server\lib\start-server.js:208:29)
      at process.emit (node:events:520:35) {
    code: 'ERR_INVALID_ARG_TYPE'
  },
  level: 'error',
  message: `uncaughtException: The "code" argument must be of type number. Received type string ('SIGINT')\n` +
    `TypeError [ERR_INVALID_ARG_TYPE]: The "code" argument must be of type number. Received type string ('SIGINT')\n` +
    '    at process.set [as exitCode] (node:internal/bootstrap/node:119:9)\n' +
    '    at process.exit (node:internal/process/per_thread:231:24)\n' +
    '    at process.cleanup (S:\\SHIVAY-MRC\\SHIVAY\\CRM-X-SHIVAY\\node_modules\\next\\dist\\server\\lib\\start-server.js:208:29)\n' +
    '    at process.emit (node:events:520:35)',
  stack: `TypeError [ERR_INVALID_ARG_TYPE]: The "code" argument must be of type number. Received type string ('SIGINT')\n` +
    '    at process.set [as exitCode] (node:internal/bootstrap/node:119:9)\n' +
    '    at process.exit (node:internal/process/per_thread:231:24)\n' +
    '    at process.cleanup (S:\\SHIVAY-MRC\\SHIVAY\\CRM-X-SHIVAY\\node_modules\\next\\dist\\server\\lib\\start-server.js:208:29)\n' +
    '    at process.emit (node:events:520:35)',
  exception: true,
  date: 'Wed Sep 24 2025 00:55:15 GMT+0530 (India Standard Time)',
  process: {
    pid: 6348,
    uid: null,
    gid: null,
    cwd: 'S:\\SHIVAY-MRC\\SHIVAY\\CRM-X-SHIVAY',
    execPath: 'C:\\Program Files\\nodejs\\node.exe',
    version: 'v24.8.0',
    argv: [
      'C:\\Program Files\\nodejs\\node.exe',
      'S:\\SHIVAY-MRC\\SHIVAY\\CRM-X-SHIVAY\\node_modules\\next\\dist\\server\\lib\\start-server.js'
    ],
    memoryUsage: {
      rss: 853594112,
      heapTotal: 448049152,
      heapUsed: 396987640,
      external: 1523674699,
      arrayBuffers: 1512883690
    }
  },
  os: { loadavg: [ 0, 0, 0 ], uptime: 14050.031 },
  trace: [
    {
      column: 9,
      file: 'node:internal/bootstrap/node',
      function: 'process.set [as exitCode]',
      line: 119,
      method: 'set [as exitCode]',
      native: false
    },
    {
      column: 24,
      file: 'node:internal/process/per_thread',
      function: 'process.exit',
      line: 231,
      method: 'exit',
      native: false
    },
    {
      column: 29,
      file: 'S:\\SHIVAY-MRC\\SHIVAY\\CRM-X-SHIVAY\\node_modules\\next\\dist\\server\\lib\\start-server.js',
      function: 'process.cleanup',
      line: 208,
      method: 'cleanup',
      native: false
    },
    {
      column: 35,
      file: 'node:events',
      function: 'process.emit',
      line: 520,
      method: 'emit',
      native: false
    }
  ],
  service: 'crm-api',
  environment: 'development',
  version: '0.1.0',
  timestamp: '2025-09-23T19:25:15.166Z'
}
{
  error: TypeError [ERR_INVALID_ARG_TYPE]: The "code" argument must be of type number. Received type string ('SIGINT')
      at process.set [as exitCode] (node:internal/bootstrap/node:119:9)
      at process.exit (node:internal/process/per_thread:231:24)
      at process.cleanup (S:\SHIVAY-MRC\SHIVAY\CRM-X-SHIVAY\node_modules\next\dist\server\lib\start-server.js:208:29)
      at process.emit (node:events:520:35) {
    code: 'ERR_INVALID_ARG_TYPE'
  },
  level: 'error',
  message: `uncaughtException: The "code" argument must be of type number. Received type string ('SIGINT')\n` +
    `TypeError [ERR_INVALID_ARG_TYPE]: The "code" argument must be of type number. Received type string ('SIGINT')\n` +
    '    at process.set [as exitCode] (node:internal/bootstrap/node:119:9)\n' +
    '    at process.exit (node:internal/process/per_thread:231:24)\n' +
    '    at process.cleanup (S:\\SHIVAY-MRC\\SHIVAY\\CRM-X-SHIVAY\\node_modules\\next\\dist\\server\\lib\\start-server.js:208:29)\n' +
    '    at process.emit (node:events:520:35)',
  stack: `TypeError [ERR_INVALID_ARG_TYPE]: The "code" argument must be of type number. Received type string ('SIGINT')\n` +
    '    at process.set [as exitCode] (node:internal/bootstrap/node:119:9)\n' +
    '    at process.exit (node:internal/process/per_thread:231:24)\n' +
    '    at process.cleanup (S:\\SHIVAY-MRC\\SHIVAY\\CRM-X-SHIVAY\\node_modules\\next\\dist\\server\\lib\\start-server.js:208:29)\n' +
    '    at process.emit (node:events:520:35)',
  exception: true,
  date: 'Wed Sep 24 2025 00:55:15 GMT+0530 (India Standard Time)',
  process: {
    pid: 6348,
    uid: null,
    gid: null,
    cwd: 'S:\\SHIVAY-MRC\\SHIVAY\\CRM-X-SHIVAY',
    execPath: 'C:\\Program Files\\nodejs\\node.exe',
    version: 'v24.8.0',
    argv: [
      'C:\\Program Files\\nodejs\\node.exe',
      'S:\\SHIVAY-MRC\\SHIVAY\\CRM-X-SHIVAY\\node_modules\\next\\dist\\server\\lib\\start-server.js'
    ],
    memoryUsage: {
      rss: 853671936,
      heapTotal: 448049152,
      heapUsed: 397143344,
      external: 1523682955,
      arrayBuffers: 1512891906
    }
  },
  os: { loadavg: [ 0, 0, 0 ], uptime: 14050.031 },
  trace: [
    {
      column: 9,
      file: 'node:internal/bootstrap/node',
      function: 'process.set [as exitCode]',
      line: 119,
      method: 'set [as exitCode]',
      native: false
    },
    {
      column: 24,
      file: 'node:internal/process/per_thread',
      function: 'process.exit',
      line: 231,
      method: 'exit',
      native: false
    },
    {
      column: 29,
      file: 'S:\\SHIVAY-MRC\\SHIVAY\\CRM-X-SHIVAY\\node_modules\\next\\dist\\server\\lib\\start-server.js',
      function: 'process.cleanup',
      line: 208,
      method: 'cleanup',
      native: false
    },
    {
      column: 35,
      file: 'node:events',
      function: 'process.emit',
      line: 520,
      method: 'emit',
      native: false
    }
  ],
  service: 'crm-api',
  environment: 'development',
  version: '0.1.0',
  timestamp: '2025-09-23T19:25:15.168Z'
}
